2021-07-18 11:26:56,126 - run.py:[10] - [INFO] - run_testCase::正在执行测试命令：pytest ../test/ -s -q --alluredir=../result/
2021-07-18 11:26:57,103 - run.py:[10] - [INFO] - run_testCase::正在执行测试命令：pytest ../test/ -s -q --alluredir=../result/
2021-07-18 11:28:30,708 - run.py:[10] - [INFO] - run_testCase::正在执行测试命令：pytest ./test/ -s -q --alluredir=./result/
2021-07-18 11:28:31,928 - base_api.py:[57] - [ERROR] - 读取YAML文件::..\yaml_api\registerlogin_page.yaml出错::[Errno 2] No such file or directory: '..\\yaml_api\\registerlogin_page.yaml'
2021-07-18 11:28:32,314 - run.py:[10] - [INFO] - run_testCase::正在执行测试命令：pytest ./test/ -s -q --alluredir=./result/
2021-07-18 11:28:33,437 - base_api.py:[57] - [ERROR] - 读取YAML文件::..\yaml_api\registerlogin_page.yaml出错::[Errno 2] No such file or directory: '..\\yaml_api\\registerlogin_page.yaml'
2021-07-18 11:32:52,646 - run.py:[10] - [INFO] - run_testCase::正在执行测试命令：pytest ./test/ -s -q --alluredir=./result/
2021-07-18 11:32:53,677 - base_api.py:[57] - [ERROR] - 读取YAML文件::..\yaml_api\registerlogin_page.yaml出错::[Errno 2] No such file or directory: '..\\yaml_api\\registerlogin_page.yaml'
2021-07-18 11:34:57,326 - run.py:[10] - [INFO] - run_testCase::正在执行测试命令：pytest ./test/ -s -q --alluredir=./result/
2021-07-18 11:34:58,403 - base_api.py:[51] - [INFO] - 读取YAML文件::.\yaml_api\registerlogin_page.yaml::请求的接口名称::login::传入接口参数::{'account': '15200000001', 'password': '111111.'}::接口请求参数api_datas::{'api': '/api/account/login', 'method': 'post', 'headers': None, 'params': None, 'data': None, 'json': {'account': '15200000001', 'password': '111111.', 'client': 5}}
2021-07-18 11:34:58,580 - base_api.py:[54] - [INFO] - 接口::/api/account/login::响应数据为::{'status_code': 200, 'content': {'code': 1, 'msg': '登录成功', 'data': {'id': 156, 'nickname': 'Jie', 'avatar': 'http://jc-mall1.oss-cn-shanghai.aliyuncs.com/uploads/images/2021052712154909b870403.png', 'level': 0, 'disable': 0, 'distribution_code': '7TZH6Z', 'token': '08c8844ae3216003597533158f6884fa'}, 'show': 0, 'time': '0.056317'}}
2021-07-18 11:34:58,581 - test_shopCar.py:[14] - [INFO] - ############开始测试购物车接口逻辑############
2021-07-18 11:34:58,619 - base_api.py:[51] - [INFO] - 读取YAML文件::.\yaml_api\registerlogin_page.yaml::请求的接口名称::login::传入接口参数::{'account': '15200000001', 'password': '111111.'}::接口请求参数api_datas::{'api': '/api/account/login', 'method': 'post', 'headers': None, 'params': None, 'data': None, 'json': {'account': '15200000001', 'password': '111111.', 'client': 5}}
2021-07-18 11:34:58,744 - base_api.py:[54] - [INFO] - 接口::/api/account/login::响应数据为::{'status_code': 200, 'content': {'code': 1, 'msg': '登录成功', 'data': {'id': 156, 'nickname': 'Jie', 'avatar': 'http://jc-mall1.oss-cn-shanghai.aliyuncs.com/uploads/images/2021052712154909b870403.png', 'level': 0, 'disable': 0, 'distribution_code': '7TZH6Z', 'token': '08c8844ae3216003597533158f6884fa'}, 'show': 0, 'time': '0.051934'}}
2021-07-18 11:34:59,037 - base_api.py:[51] - [INFO] - 读取YAML文件::.\yaml_api\registerlogin_page.yaml::请求的接口名称::login::传入接口参数::{'account': '15200000001', 'password': '1111111'}::接口请求参数api_datas::{'api': '/api/account/login', 'method': 'post', 'headers': None, 'params': None, 'data': None, 'json': {'account': '15200000001', 'password': '1111111', 'client': 5}}
2021-07-18 11:34:59,135 - base_api.py:[54] - [INFO] - 接口::/api/account/login::响应数据为::{'status_code': 200, 'content': {'code': 0, 'msg': '密码错误', 'data': [], 'show': 1, 'time': '0.032676'}}
2021-07-18 11:34:59,188 - test_shopCar.py:[18] - [INFO] - ************开始执行测试用例::test_addGoods_shopCar_01::把商品4加入购物车************
2021-07-18 11:34:59,194 - base_api.py:[51] - [INFO] - 读取YAML文件::.\yaml_api\home_page.yaml::请求的接口名称::shopCarList::传入接口参数::{'token': '08c8844ae3216003597533158f6884fa'}::接口请求参数api_datas::{'api': '/api/cart/lists', 'method': 'get', 'headers': {'token': '08c8844ae3216003597533158f6884fa'}, 'params': None, 'data': None, 'json': None}
2021-07-18 11:34:59,281 - base_api.py:[54] - [INFO] - 接口::/api/cart/lists::响应数据为::{'status_code': 200, 'content': {'code': 1, 'msg': '', 'data': {'lists': [], 'total_amount': 0, 'total_num': 0}, 'show': 0, 'time': '0.031638'}}
2021-07-18 11:34:59,292 - base_api.py:[51] - [INFO] - 读取YAML文件::./yaml_api/goodsDetail_page.yaml::请求的接口名称::goodsDetail_cartAdd::传入接口参数::{'token': '08c8844ae3216003597533158f6884fa', 'goodsId': 4}::接口请求参数api_datas::{'api': '/api/cart/add', 'method': 'post', 'headers': {'token': '08c8844ae3216003597533158f6884fa'}, 'params': None, 'data': None, 'json': {'item_id': '4', 'goods_num': 1}}
2021-07-18 11:34:59,429 - base_api.py:[54] - [INFO] - 接口::/api/cart/add::响应数据为::{'status_code': 200, 'content': {'code': 1, 'msg': '加入成功', 'data': [], 'show': 0, 'time': '0.047419'}}
2021-07-18 11:34:59,460 - base_api.py:[51] - [INFO] - 读取YAML文件::.\yaml_api\home_page.yaml::请求的接口名称::shopCarList::传入接口参数::{'token': '08c8844ae3216003597533158f6884fa'}::接口请求参数api_datas::{'api': '/api/cart/lists', 'method': 'get', 'headers': {'token': '08c8844ae3216003597533158f6884fa'}, 'params': None, 'data': None, 'json': None}
2021-07-18 11:34:59,557 - base_api.py:[54] - [INFO] - 接口::/api/cart/lists::响应数据为::{'status_code': 200, 'content': {'code': 1, 'msg': '', 'data': {'lists': [{'name': '晨光文具可削铅笔 六角2B 红黑抽条 木杆铅笔 儿童铅笔 AWP30804', 'goods_id': 4, 'g_status': 1, 'g_del': 0, 'spec_value_str': '默认', 'price': '7.00', 'goods_num': 1, 'selected': 1, 'cart_id': 96, 'item_id': 4, 'img': 'http://jc-mall1.oss-cn-shanghai.aliyuncs.com/uploads/images/20210527130912ba1a14913.png', 'cart_status': 0, 'sub_price': 7}], 'total_amount': 7, 'total_num': 1}, 'show': 0, 'time': '0.035450'}}
2021-07-18 11:34:59,626 - test_shopCar.py:[40] - [INFO] - ************开始执行测试用例::test_dellGoods_shopCar_02::把商品从购物车中删除************
2021-07-18 11:34:59,629 - base_api.py:[51] - [INFO] - 读取YAML文件::./yaml_api/goodsDetail_page.yaml::请求的接口名称::goodsDetail_cartAdd::传入接口参数::{'token': '08c8844ae3216003597533158f6884fa', 'goodsId': 4}::接口请求参数api_datas::{'api': '/api/cart/add', 'method': 'post', 'headers': {'token': '08c8844ae3216003597533158f6884fa'}, 'params': None, 'data': None, 'json': {'item_id': '4', 'goods_num': 1}}
2021-07-18 11:34:59,738 - base_api.py:[54] - [INFO] - 接口::/api/cart/add::响应数据为::{'status_code': 200, 'content': {'code': 1, 'msg': '加入成功', 'data': [], 'show': 0, 'time': '0.044978'}}
2021-07-18 11:34:59,761 - base_api.py:[51] - [INFO] - 读取YAML文件::.\yaml_api\home_page.yaml::请求的接口名称::shopCarList::传入接口参数::{'token': '08c8844ae3216003597533158f6884fa'}::接口请求参数api_datas::{'api': '/api/cart/lists', 'method': 'get', 'headers': {'token': '08c8844ae3216003597533158f6884fa'}, 'params': None, 'data': None, 'json': None}
2021-07-18 11:34:59,866 - base_api.py:[54] - [INFO] - 接口::/api/cart/lists::响应数据为::{'status_code': 200, 'content': {'code': 1, 'msg': '', 'data': {'lists': [{'name': '晨光文具可削铅笔 六角2B 红黑抽条 木杆铅笔 儿童铅笔 AWP30804', 'goods_id': 4, 'g_status': 1, 'g_del': 0, 'spec_value_str': '默认', 'price': '7.00', 'goods_num': 2, 'selected': 1, 'cart_id': 96, 'item_id': 4, 'img': 'http://jc-mall1.oss-cn-shanghai.aliyuncs.com/uploads/images/20210527130912ba1a14913.png', 'cart_status': 0, 'sub_price': 14}], 'total_amount': 14, 'total_num': 2}, 'show': 0, 'time': '0.037065'}}
2021-07-18 11:34:59,873 - base_api.py:[51] - [INFO] - 读取YAML文件::.\yaml_api\shopCar_page.yaml::请求的接口名称::cart_del::传入接口参数::{'token': '08c8844ae3216003597533158f6884fa', 'cart_id': 96}::接口请求参数api_datas::{'api': '/api/cart/del', 'method': 'post', 'headers': {'token': '08c8844ae3216003597533158f6884fa'}, 'params': None, 'data': None, 'json': {'cart_id': '96'}}
2021-07-18 11:35:00,030 - base_api.py:[54] - [INFO] - 接口::/api/cart/del::响应数据为::{'status_code': 200, 'content': {'code': 1, 'msg': '删除成功', 'data': [], 'show': 0, 'time': '0.066696'}}
2021-07-18 11:35:00,045 - base_api.py:[51] - [INFO] - 读取YAML文件::.\yaml_api\home_page.yaml::请求的接口名称::shopCarList::传入接口参数::{'token': '08c8844ae3216003597533158f6884fa'}::接口请求参数api_datas::{'api': '/api/cart/lists', 'method': 'get', 'headers': {'token': '08c8844ae3216003597533158f6884fa'}, 'params': None, 'data': None, 'json': None}
2021-07-18 11:35:00,161 - base_api.py:[54] - [INFO] - 接口::/api/cart/lists::响应数据为::{'status_code': 200, 'content': {'code': 1, 'msg': '', 'data': {'lists': [], 'total_amount': 0, 'total_num': 0}, 'show': 0, 'time': '0.044840'}}
2021-07-18 11:35:00,288 - run.py:[19] - [INFO] - run_testCase::测试执行完毕，正在执行生成报告命令：allure generate ./result/ -o ./report/ --clean
2021-07-18 11:35:04,626 - zip_file.py:[19] - [INFO] - 文件：report 压缩成功
2021-07-18 11:35:06,881 - run.py:[42] - [INFO] - 邮件发送成功，邮件标题：接口场景式自动化测试报告
2021-07-18 15:57:57,963 - run.py:[10] - [INFO] - run_testCase::正在执行测试命令：python3 -m pytest ./test/ -s -q --alluredir=./result/
2021-07-18 15:59:27,115 - runCase.py:[10] - [INFO] - run_testCase::正在执行测试命令：python3 -m pytest ./test/ -s -q --alluredir=./result/
2021-07-18 16:01:59,405 - run.py:[10] - [INFO] - run_testCase::正在执行测试命令：python -m pytest ./test/ -s -q --alluredir=./result/
2021-07-18 16:02:01,276 - base_api.py:[51] - [INFO] - 读取YAML文件::./yaml_api/registerlogin_page.yaml::请求的接口名称::login::传入接口参数::{'account': '15200000001', 'password': '111111.'}::接口请求参数api_datas::{'api': '/api/account/login', 'method': 'post', 'headers': None, 'params': None, 'data': None, 'json': {'account': '15200000001', 'password': '111111.', 'client': 5}}
2021-07-18 16:02:01,615 - base_api.py:[54] - [INFO] - 接口::/api/account/login::响应数据为::{'status_code': 200, 'content': {'code': 1, 'msg': '登录成功', 'data': {'id': 156, 'nickname': 'Jie', 'avatar': 'http://jc-mall1.oss-cn-shanghai.aliyuncs.com/uploads/images/2021052712154909b870403.png', 'level': 0, 'disable': 0, 'distribution_code': '7TZH6Z', 'token': '287e7b09d5016ea66d4d247f91a5baaf'}, 'show': 0, 'time': '0.126855'}}
2021-07-18 16:02:01,616 - test_shopCar.py:[14] - [INFO] - ############开始测试购物车接口逻辑############
2021-07-18 16:02:01,661 - base_api.py:[51] - [INFO] - 读取YAML文件::./yaml_api/registerlogin_page.yaml::请求的接口名称::login::传入接口参数::{'account': '15200000001', 'password': '111111.'}::接口请求参数api_datas::{'api': '/api/account/login', 'method': 'post', 'headers': None, 'params': None, 'data': None, 'json': {'account': '15200000001', 'password': '111111.', 'client': 5}}
2021-07-18 16:02:01,830 - base_api.py:[54] - [INFO] - 接口::/api/account/login::响应数据为::{'status_code': 200, 'content': {'code': 1, 'msg': '登录成功', 'data': {'id': 156, 'nickname': 'Jie', 'avatar': 'http://jc-mall1.oss-cn-shanghai.aliyuncs.com/uploads/images/2021052712154909b870403.png', 'level': 0, 'disable': 0, 'distribution_code': '7TZH6Z', 'token': '287e7b09d5016ea66d4d247f91a5baaf'}, 'show': 0, 'time': '0.073869'}}
2021-07-18 16:02:02,192 - base_api.py:[51] - [INFO] - 读取YAML文件::./yaml_api/registerlogin_page.yaml::请求的接口名称::login::传入接口参数::{'account': '15200000001', 'password': '1111111'}::接口请求参数api_datas::{'api': '/api/account/login', 'method': 'post', 'headers': None, 'params': None, 'data': None, 'json': {'account': '15200000001', 'password': '1111111', 'client': 5}}
2021-07-18 16:02:02,289 - base_api.py:[54] - [INFO] - 接口::/api/account/login::响应数据为::{'status_code': 200, 'content': {'code': 0, 'msg': '密码错误', 'data': [], 'show': 1, 'time': '0.031559'}}
2021-07-18 16:02:02,317 - test_shopCar.py:[18] - [INFO] - ************开始执行测试用例::test_addGoods_shopCar_01::把商品4加入购物车************
2021-07-18 16:02:02,329 - base_api.py:[51] - [INFO] - 读取YAML文件::./yaml_api/home_page.yaml::请求的接口名称::shopCarList::传入接口参数::{'token': '287e7b09d5016ea66d4d247f91a5baaf'}::接口请求参数api_datas::{'api': '/api/cart/lists', 'method': 'get', 'headers': {'token': '287e7b09d5016ea66d4d247f91a5baaf'}, 'params': None, 'data': None, 'json': None}
2021-07-18 16:02:02,432 - base_api.py:[54] - [INFO] - 接口::/api/cart/lists::响应数据为::{'status_code': 200, 'content': {'code': 1, 'msg': '', 'data': {'lists': [], 'total_amount': 0, 'total_num': 0}, 'show': 0, 'time': '0.037565'}}
2021-07-18 16:02:02,461 - base_api.py:[51] - [INFO] - 读取YAML文件::./yaml_api/goodsDetail_page.yaml::请求的接口名称::goodsDetail_cartAdd::传入接口参数::{'token': '287e7b09d5016ea66d4d247f91a5baaf', 'goodsId': 4}::接口请求参数api_datas::{'api': '/api/cart/add', 'method': 'post', 'headers': {'token': '287e7b09d5016ea66d4d247f91a5baaf'}, 'params': None, 'data': None, 'json': {'item_id': '4', 'goods_num': 1}}
2021-07-18 16:02:02,635 - base_api.py:[54] - [INFO] - 接口::/api/cart/add::响应数据为::{'status_code': 200, 'content': {'code': 1, 'msg': '加入成功', 'data': [], 'show': 0, 'time': '0.060274'}}
2021-07-18 16:02:02,657 - base_api.py:[51] - [INFO] - 读取YAML文件::./yaml_api/home_page.yaml::请求的接口名称::shopCarList::传入接口参数::{'token': '287e7b09d5016ea66d4d247f91a5baaf'}::接口请求参数api_datas::{'api': '/api/cart/lists', 'method': 'get', 'headers': {'token': '287e7b09d5016ea66d4d247f91a5baaf'}, 'params': None, 'data': None, 'json': None}
2021-07-18 16:02:02,799 - base_api.py:[54] - [INFO] - 接口::/api/cart/lists::响应数据为::{'status_code': 200, 'content': {'code': 1, 'msg': '', 'data': {'lists': [{'name': '晨光文具可削铅笔 六角2B 红黑抽条 木杆铅笔 儿童铅笔 AWP30804', 'goods_id': 4, 'g_status': 1, 'g_del': 0, 'spec_value_str': '默认', 'price': '7.00', 'goods_num': 1, 'selected': 1, 'cart_id': 107, 'item_id': 4, 'img': 'http://jc-mall1.oss-cn-shanghai.aliyuncs.com/uploads/images/20210527130912ba1a14913.png', 'cart_status': 0, 'sub_price': 7}], 'total_amount': 7, 'total_num': 1}, 'show': 0, 'time': '0.037782'}}
2021-07-18 16:02:02,867 - test_shopCar.py:[40] - [INFO] - ************开始执行测试用例::test_dellGoods_shopCar_02::把商品从购物车中删除************
2021-07-18 16:02:02,870 - base_api.py:[51] - [INFO] - 读取YAML文件::./yaml_api/goodsDetail_page.yaml::请求的接口名称::goodsDetail_cartAdd::传入接口参数::{'token': '287e7b09d5016ea66d4d247f91a5baaf', 'goodsId': 4}::接口请求参数api_datas::{'api': '/api/cart/add', 'method': 'post', 'headers': {'token': '287e7b09d5016ea66d4d247f91a5baaf'}, 'params': None, 'data': None, 'json': {'item_id': '4', 'goods_num': 1}}
2021-07-18 16:02:02,977 - base_api.py:[54] - [INFO] - 接口::/api/cart/add::响应数据为::{'status_code': 200, 'content': {'code': 1, 'msg': '加入成功', 'data': [], 'show': 0, 'time': '0.051569'}}
2021-07-18 16:02:03,000 - base_api.py:[51] - [INFO] - 读取YAML文件::./yaml_api/home_page.yaml::请求的接口名称::shopCarList::传入接口参数::{'token': '287e7b09d5016ea66d4d247f91a5baaf'}::接口请求参数api_datas::{'api': '/api/cart/lists', 'method': 'get', 'headers': {'token': '287e7b09d5016ea66d4d247f91a5baaf'}, 'params': None, 'data': None, 'json': None}
2021-07-18 16:02:03,121 - base_api.py:[54] - [INFO] - 接口::/api/cart/lists::响应数据为::{'status_code': 200, 'content': {'code': 1, 'msg': '', 'data': {'lists': [{'name': '晨光文具可削铅笔 六角2B 红黑抽条 木杆铅笔 儿童铅笔 AWP30804', 'goods_id': 4, 'g_status': 1, 'g_del': 0, 'spec_value_str': '默认', 'price': '7.00', 'goods_num': 2, 'selected': 1, 'cart_id': 107, 'item_id': 4, 'img': 'http://jc-mall1.oss-cn-shanghai.aliyuncs.com/uploads/images/20210527130912ba1a14913.png', 'cart_status': 0, 'sub_price': 14}], 'total_amount': 14, 'total_num': 2}, 'show': 0, 'time': '0.035351'}}
2021-07-18 16:02:03,144 - base_api.py:[51] - [INFO] - 读取YAML文件::./yaml_api/shopCar_page.yaml::请求的接口名称::cart_del::传入接口参数::{'token': '287e7b09d5016ea66d4d247f91a5baaf', 'cart_id': 107}::接口请求参数api_datas::{'api': '/api/cart/del', 'method': 'post', 'headers': {'token': '287e7b09d5016ea66d4d247f91a5baaf'}, 'params': None, 'data': None, 'json': {'cart_id': '107'}}
2021-07-18 16:02:03,299 - base_api.py:[54] - [INFO] - 接口::/api/cart/del::响应数据为::{'status_code': 200, 'content': {'code': 1, 'msg': '删除成功', 'data': [], 'show': 0, 'time': '0.036300'}}
2021-07-18 16:02:03,305 - base_api.py:[51] - [INFO] - 读取YAML文件::./yaml_api/home_page.yaml::请求的接口名称::shopCarList::传入接口参数::{'token': '287e7b09d5016ea66d4d247f91a5baaf'}::接口请求参数api_datas::{'api': '/api/cart/lists', 'method': 'get', 'headers': {'token': '287e7b09d5016ea66d4d247f91a5baaf'}, 'params': None, 'data': None, 'json': None}
2021-07-18 16:02:03,396 - base_api.py:[54] - [INFO] - 接口::/api/cart/lists::响应数据为::{'status_code': 200, 'content': {'code': 1, 'msg': '', 'data': {'lists': [], 'total_amount': 0, 'total_num': 0}, 'show': 0, 'time': '0.030833'}}
2021-07-18 16:02:03,509 - run.py:[19] - [INFO] - run_testCase::测试执行完毕，正在执行生成报告命令：allure generate ./result/ -o ./report/ --clean
2021-07-18 16:02:11,363 - zip_file.py:[19] - [INFO] - 文件：./report 压缩成功
2021-07-18 16:02:13,545 - run.py:[42] - [INFO] - 邮件发送成功，邮件标题：接口场景式自动化测试报告
2021-07-18 16:03:44,156 - run.py:[10] - [INFO] - run_testCase::正在执行测试命令：python -m pytest ./test/ -s -q --alluredir=./result/
2021-07-18 16:03:45,231 - base_api.py:[51] - [INFO] - 读取YAML文件::./yaml_api/registerlogin_page.yaml::请求的接口名称::login::传入接口参数::{'account': '15200000001', 'password': '111111.'}::接口请求参数api_datas::{'api': '/api/account/login', 'method': 'post', 'headers': None, 'params': None, 'data': None, 'json': {'account': '15200000001', 'password': '111111.', 'client': 5}}
2021-07-18 16:03:45,361 - base_api.py:[54] - [INFO] - 接口::/api/account/login::响应数据为::{'status_code': 200, 'content': {'code': 1, 'msg': '登录成功', 'data': {'id': 156, 'nickname': 'Jie', 'avatar': 'http://jc-mall1.oss-cn-shanghai.aliyuncs.com/uploads/images/2021052712154909b870403.png', 'level': 0, 'disable': 0, 'distribution_code': '7TZH6Z', 'token': '9644c8cfac24c53f10de44f5e8f61b7e'}, 'show': 0, 'time': '0.052316'}}
2021-07-18 16:03:45,362 - test_shopCar.py:[14] - [INFO] - ############开始测试购物车接口逻辑############
2021-07-18 16:03:45,392 - base_api.py:[51] - [INFO] - 读取YAML文件::./yaml_api/registerlogin_page.yaml::请求的接口名称::login::传入接口参数::{'account': '15200000001', 'password': '111111.'}::接口请求参数api_datas::{'api': '/api/account/login', 'method': 'post', 'headers': None, 'params': None, 'data': None, 'json': {'account': '15200000001', 'password': '111111.', 'client': 5}}
2021-07-18 16:03:45,527 - base_api.py:[54] - [INFO] - 接口::/api/account/login::响应数据为::{'status_code': 200, 'content': {'code': 1, 'msg': '登录成功', 'data': {'id': 156, 'nickname': 'Jie', 'avatar': 'http://jc-mall1.oss-cn-shanghai.aliyuncs.com/uploads/images/2021052712154909b870403.png', 'level': 0, 'disable': 0, 'distribution_code': '7TZH6Z', 'token': '9644c8cfac24c53f10de44f5e8f61b7e'}, 'show': 0, 'time': '0.073865'}}
2021-07-18 16:03:45,822 - base_api.py:[51] - [INFO] - 读取YAML文件::./yaml_api/registerlogin_page.yaml::请求的接口名称::login::传入接口参数::{'account': '15200000001', 'password': '1111111'}::接口请求参数api_datas::{'api': '/api/account/login', 'method': 'post', 'headers': None, 'params': None, 'data': None, 'json': {'account': '15200000001', 'password': '1111111', 'client': 5}}
2021-07-18 16:03:45,908 - base_api.py:[54] - [INFO] - 接口::/api/account/login::响应数据为::{'status_code': 200, 'content': {'code': 0, 'msg': '密码错误', 'data': [], 'show': 1, 'time': '0.031196'}}
2021-07-18 16:03:45,959 - test_shopCar.py:[18] - [INFO] - ************开始执行测试用例::test_addGoods_shopCar_01::把商品4加入购物车************
2021-07-18 16:03:45,965 - base_api.py:[51] - [INFO] - 读取YAML文件::./yaml_api/home_page.yaml::请求的接口名称::shopCarList::传入接口参数::{'token': '9644c8cfac24c53f10de44f5e8f61b7e'}::接口请求参数api_datas::{'api': '/api/cart/lists', 'method': 'get', 'headers': {'token': '9644c8cfac24c53f10de44f5e8f61b7e'}, 'params': None, 'data': None, 'json': None}
2021-07-18 16:03:46,068 - base_api.py:[54] - [INFO] - 接口::/api/cart/lists::响应数据为::{'status_code': 200, 'content': {'code': 1, 'msg': '', 'data': {'lists': [], 'total_amount': 0, 'total_num': 0}, 'show': 0, 'time': '0.030367'}}
2021-07-18 16:03:46,083 - base_api.py:[51] - [INFO] - 读取YAML文件::./yaml_api/goodsDetail_page.yaml::请求的接口名称::goodsDetail_cartAdd::传入接口参数::{'token': '9644c8cfac24c53f10de44f5e8f61b7e', 'goodsId': 4}::接口请求参数api_datas::{'api': '/api/cart/add', 'method': 'post', 'headers': {'token': '9644c8cfac24c53f10de44f5e8f61b7e'}, 'params': None, 'data': None, 'json': {'item_id': '4', 'goods_num': 1}}
2021-07-18 16:03:46,181 - base_api.py:[54] - [INFO] - 接口::/api/cart/add::响应数据为::{'status_code': 200, 'content': {'code': 1, 'msg': '加入成功', 'data': [], 'show': 0, 'time': '0.043872'}}
2021-07-18 16:03:46,186 - base_api.py:[51] - [INFO] - 读取YAML文件::./yaml_api/home_page.yaml::请求的接口名称::shopCarList::传入接口参数::{'token': '9644c8cfac24c53f10de44f5e8f61b7e'}::接口请求参数api_datas::{'api': '/api/cart/lists', 'method': 'get', 'headers': {'token': '9644c8cfac24c53f10de44f5e8f61b7e'}, 'params': None, 'data': None, 'json': None}
2021-07-18 16:03:46,287 - base_api.py:[54] - [INFO] - 接口::/api/cart/lists::响应数据为::{'status_code': 200, 'content': {'code': 1, 'msg': '', 'data': {'lists': [{'name': '晨光文具可削铅笔 六角2B 红黑抽条 木杆铅笔 儿童铅笔 AWP30804', 'goods_id': 4, 'g_status': 1, 'g_del': 0, 'spec_value_str': '默认', 'price': '7.00', 'goods_num': 1, 'selected': 1, 'cart_id': 108, 'item_id': 4, 'img': 'http://jc-mall1.oss-cn-shanghai.aliyuncs.com/uploads/images/20210527130912ba1a14913.png', 'cart_status': 0, 'sub_price': 7}], 'total_amount': 7, 'total_num': 1}, 'show': 0, 'time': '0.035949'}}
2021-07-18 16:03:46,344 - test_shopCar.py:[40] - [INFO] - ************开始执行测试用例::test_dellGoods_shopCar_02::把商品从购物车中删除************
2021-07-18 16:03:46,346 - base_api.py:[51] - [INFO] - 读取YAML文件::./yaml_api/goodsDetail_page.yaml::请求的接口名称::goodsDetail_cartAdd::传入接口参数::{'token': '9644c8cfac24c53f10de44f5e8f61b7e', 'goodsId': 4}::接口请求参数api_datas::{'api': '/api/cart/add', 'method': 'post', 'headers': {'token': '9644c8cfac24c53f10de44f5e8f61b7e'}, 'params': None, 'data': None, 'json': {'item_id': '4', 'goods_num': 1}}
2021-07-18 16:03:46,448 - base_api.py:[54] - [INFO] - 接口::/api/cart/add::响应数据为::{'status_code': 200, 'content': {'code': 1, 'msg': '加入成功', 'data': [], 'show': 0, 'time': '0.045249'}}
2021-07-18 16:03:46,470 - base_api.py:[51] - [INFO] - 读取YAML文件::./yaml_api/home_page.yaml::请求的接口名称::shopCarList::传入接口参数::{'token': '9644c8cfac24c53f10de44f5e8f61b7e'}::接口请求参数api_datas::{'api': '/api/cart/lists', 'method': 'get', 'headers': {'token': '9644c8cfac24c53f10de44f5e8f61b7e'}, 'params': None, 'data': None, 'json': None}
2021-07-18 16:03:46,578 - base_api.py:[54] - [INFO] - 接口::/api/cart/lists::响应数据为::{'status_code': 200, 'content': {'code': 1, 'msg': '', 'data': {'lists': [{'name': '晨光文具可削铅笔 六角2B 红黑抽条 木杆铅笔 儿童铅笔 AWP30804', 'goods_id': 4, 'g_status': 1, 'g_del': 0, 'spec_value_str': '默认', 'price': '7.00', 'goods_num': 2, 'selected': 1, 'cart_id': 108, 'item_id': 4, 'img': 'http://jc-mall1.oss-cn-shanghai.aliyuncs.com/uploads/images/20210527130912ba1a14913.png', 'cart_status': 0, 'sub_price': 14}], 'total_amount': 14, 'total_num': 2}, 'show': 0, 'time': '0.035030'}}
2021-07-18 16:03:46,584 - base_api.py:[51] - [INFO] - 读取YAML文件::./yaml_api/shopCar_page.yaml::请求的接口名称::cart_del::传入接口参数::{'token': '9644c8cfac24c53f10de44f5e8f61b7e', 'cart_id': 108}::接口请求参数api_datas::{'api': '/api/cart/del', 'method': 'post', 'headers': {'token': '9644c8cfac24c53f10de44f5e8f61b7e'}, 'params': None, 'data': None, 'json': {'cart_id': '108'}}
2021-07-18 16:03:46,730 - base_api.py:[54] - [INFO] - 接口::/api/cart/del::响应数据为::{'status_code': 200, 'content': {'code': 1, 'msg': '删除成功', 'data': [], 'show': 0, 'time': '0.037602'}}
2021-07-18 16:03:46,746 - base_api.py:[51] - [INFO] - 读取YAML文件::./yaml_api/home_page.yaml::请求的接口名称::shopCarList::传入接口参数::{'token': '9644c8cfac24c53f10de44f5e8f61b7e'}::接口请求参数api_datas::{'api': '/api/cart/lists', 'method': 'get', 'headers': {'token': '9644c8cfac24c53f10de44f5e8f61b7e'}, 'params': None, 'data': None, 'json': None}
2021-07-18 16:03:46,873 - base_api.py:[54] - [INFO] - 接口::/api/cart/lists::响应数据为::{'status_code': 200, 'content': {'code': 1, 'msg': '', 'data': {'lists': [], 'total_amount': 0, 'total_num': 0}, 'show': 0, 'time': '0.031203'}}
2021-07-18 16:03:47,003 - run.py:[19] - [INFO] - run_testCase::测试执行完毕，正在执行生成报告命令：allure generate ./result/ -o ./report/ --clean
2021-07-18 16:03:51,385 - zip_file.py:[19] - [INFO] - 文件：./report 压缩成功
2021-07-18 16:03:53,537 - run.py:[42] - [INFO] - 邮件发送成功，邮件标题：接口场景式自动化测试报告
2021-07-18 16:19:19,676 - run.py:[10] - [INFO] - run_testCase::正在执行测试命令：python pytest ./test/ -s -q --alluredir=./result/
2021-07-18 16:20:29,290 - run.py:[10] - [INFO] - run_testCase::正在执行测试命令：python -m pytest ./test/ -s -q --alluredir=./result/
2021-07-18 16:20:30,349 - base_api.py:[51] - [INFO] - 读取YAML文件::./yaml_api/registerlogin_page.yaml::请求的接口名称::login::传入接口参数::{'account': '15200000001', 'password': '111111.'}::接口请求参数api_datas::{'api': '/api/account/login', 'method': 'post', 'headers': None, 'params': None, 'data': None, 'json': {'account': '15200000001', 'password': '111111.', 'client': 5}}
2021-07-18 16:20:30,506 - base_api.py:[54] - [INFO] - 接口::/api/account/login::响应数据为::{'status_code': 200, 'content': {'code': 1, 'msg': '登录成功', 'data': {'id': 156, 'nickname': 'Jie', 'avatar': 'http://jc-mall1.oss-cn-shanghai.aliyuncs.com/uploads/images/2021052712154909b870403.png', 'level': 0, 'disable': 0, 'distribution_code': '7TZH6Z', 'token': '63860b623c480f5af12a121d96d80947'}, 'show': 0, 'time': '0.066461'}}
2021-07-18 16:20:30,507 - test_shopCar.py:[14] - [INFO] - ############开始测试购物车接口逻辑############
2021-07-18 16:20:30,536 - base_api.py:[51] - [INFO] - 读取YAML文件::./yaml_api/registerlogin_page.yaml::请求的接口名称::login::传入接口参数::{'account': '15200000001', 'password': '111111.'}::接口请求参数api_datas::{'api': '/api/account/login', 'method': 'post', 'headers': None, 'params': None, 'data': None, 'json': {'account': '15200000001', 'password': '111111.', 'client': 5}}
2021-07-18 16:20:30,655 - base_api.py:[54] - [INFO] - 接口::/api/account/login::响应数据为::{'status_code': 200, 'content': {'code': 1, 'msg': '登录成功', 'data': {'id': 156, 'nickname': 'Jie', 'avatar': 'http://jc-mall1.oss-cn-shanghai.aliyuncs.com/uploads/images/2021052712154909b870403.png', 'level': 0, 'disable': 0, 'distribution_code': '7TZH6Z', 'token': '63860b623c480f5af12a121d96d80947'}, 'show': 0, 'time': '0.049833'}}
2021-07-18 16:20:30,951 - base_api.py:[51] - [INFO] - 读取YAML文件::./yaml_api/registerlogin_page.yaml::请求的接口名称::login::传入接口参数::{'account': '15200000001', 'password': '1111111'}::接口请求参数api_datas::{'api': '/api/account/login', 'method': 'post', 'headers': None, 'params': None, 'data': None, 'json': {'account': '15200000001', 'password': '1111111', 'client': 5}}
2021-07-18 16:20:31,039 - base_api.py:[54] - [INFO] - 接口::/api/account/login::响应数据为::{'status_code': 200, 'content': {'code': 0, 'msg': '密码错误', 'data': [], 'show': 1, 'time': '0.032203'}}
2021-07-18 16:20:31,104 - test_shopCar.py:[18] - [INFO] - ************开始执行测试用例::test_addGoods_shopCar_01::把商品4加入购物车************
2021-07-18 16:20:31,109 - base_api.py:[51] - [INFO] - 读取YAML文件::./yaml_api/home_page.yaml::请求的接口名称::shopCarList::传入接口参数::{'token': '63860b623c480f5af12a121d96d80947'}::接口请求参数api_datas::{'api': '/api/cart/lists', 'method': 'get', 'headers': {'token': '63860b623c480f5af12a121d96d80947'}, 'params': None, 'data': None, 'json': None}
2021-07-18 16:20:31,209 - base_api.py:[54] - [INFO] - 接口::/api/cart/lists::响应数据为::{'status_code': 200, 'content': {'code': 1, 'msg': '', 'data': {'lists': [], 'total_amount': 0, 'total_num': 0}, 'show': 0, 'time': '0.030643'}}
2021-07-18 16:20:31,220 - base_api.py:[51] - [INFO] - 读取YAML文件::./yaml_api/goodsDetail_page.yaml::请求的接口名称::goodsDetail_cartAdd::传入接口参数::{'token': '63860b623c480f5af12a121d96d80947', 'goodsId': 4}::接口请求参数api_datas::{'api': '/api/cart/add', 'method': 'post', 'headers': {'token': '63860b623c480f5af12a121d96d80947'}, 'params': None, 'data': None, 'json': {'item_id': '4', 'goods_num': 1}}
2021-07-18 16:20:31,367 - base_api.py:[54] - [INFO] - 接口::/api/cart/add::响应数据为::{'status_code': 200, 'content': {'code': 1, 'msg': '加入成功', 'data': [], 'show': 0, 'time': '0.048262'}}
2021-07-18 16:20:31,398 - base_api.py:[51] - [INFO] - 读取YAML文件::./yaml_api/home_page.yaml::请求的接口名称::shopCarList::传入接口参数::{'token': '63860b623c480f5af12a121d96d80947'}::接口请求参数api_datas::{'api': '/api/cart/lists', 'method': 'get', 'headers': {'token': '63860b623c480f5af12a121d96d80947'}, 'params': None, 'data': None, 'json': None}
2021-07-18 16:20:31,509 - base_api.py:[54] - [INFO] - 接口::/api/cart/lists::响应数据为::{'status_code': 200, 'content': {'code': 1, 'msg': '', 'data': {'lists': [{'name': '晨光文具可削铅笔 六角2B 红黑抽条 木杆铅笔 儿童铅笔 AWP30804', 'goods_id': 4, 'g_status': 1, 'g_del': 0, 'spec_value_str': '默认', 'price': '7.00', 'goods_num': 1, 'selected': 1, 'cart_id': 111, 'item_id': 4, 'img': 'http://jc-mall1.oss-cn-shanghai.aliyuncs.com/uploads/images/20210527130912ba1a14913.png', 'cart_status': 0, 'sub_price': 7}], 'total_amount': 7, 'total_num': 1}, 'show': 0, 'time': '0.034900'}}
2021-07-18 16:20:31,583 - test_shopCar.py:[40] - [INFO] - ************开始执行测试用例::test_dellGoods_shopCar_02::把商品从购物车中删除************
2021-07-18 16:20:31,586 - base_api.py:[51] - [INFO] - 读取YAML文件::./yaml_api/goodsDetail_page.yaml::请求的接口名称::goodsDetail_cartAdd::传入接口参数::{'token': '63860b623c480f5af12a121d96d80947', 'goodsId': 4}::接口请求参数api_datas::{'api': '/api/cart/add', 'method': 'post', 'headers': {'token': '63860b623c480f5af12a121d96d80947'}, 'params': None, 'data': None, 'json': {'item_id': '4', 'goods_num': 1}}
2021-07-18 16:20:31,684 - base_api.py:[54] - [INFO] - 接口::/api/cart/add::响应数据为::{'status_code': 200, 'content': {'code': 1, 'msg': '加入成功', 'data': [], 'show': 0, 'time': '0.043639'}}
2021-07-18 16:20:31,696 - base_api.py:[51] - [INFO] - 读取YAML文件::./yaml_api/home_page.yaml::请求的接口名称::shopCarList::传入接口参数::{'token': '63860b623c480f5af12a121d96d80947'}::接口请求参数api_datas::{'api': '/api/cart/lists', 'method': 'get', 'headers': {'token': '63860b623c480f5af12a121d96d80947'}, 'params': None, 'data': None, 'json': None}
2021-07-18 16:20:31,793 - base_api.py:[54] - [INFO] - 接口::/api/cart/lists::响应数据为::{'status_code': 200, 'content': {'code': 1, 'msg': '', 'data': {'lists': [{'name': '晨光文具可削铅笔 六角2B 红黑抽条 木杆铅笔 儿童铅笔 AWP30804', 'goods_id': 4, 'g_status': 1, 'g_del': 0, 'spec_value_str': '默认', 'price': '7.00', 'goods_num': 2, 'selected': 1, 'cart_id': 111, 'item_id': 4, 'img': 'http://jc-mall1.oss-cn-shanghai.aliyuncs.com/uploads/images/20210527130912ba1a14913.png', 'cart_status': 0, 'sub_price': 14}], 'total_amount': 14, 'total_num': 2}, 'show': 0, 'time': '0.037404'}}
2021-07-18 16:20:31,797 - base_api.py:[51] - [INFO] - 读取YAML文件::./yaml_api/shopCar_page.yaml::请求的接口名称::cart_del::传入接口参数::{'token': '63860b623c480f5af12a121d96d80947', 'cart_id': 111}::接口请求参数api_datas::{'api': '/api/cart/del', 'method': 'post', 'headers': {'token': '63860b623c480f5af12a121d96d80947'}, 'params': None, 'data': None, 'json': {'cart_id': '111'}}
2021-07-18 16:20:31,922 - base_api.py:[54] - [INFO] - 接口::/api/cart/del::响应数据为::{'status_code': 200, 'content': {'code': 1, 'msg': '删除成功', 'data': [], 'show': 0, 'time': '0.037745'}}
2021-07-18 16:20:31,936 - base_api.py:[51] - [INFO] - 读取YAML文件::./yaml_api/home_page.yaml::请求的接口名称::shopCarList::传入接口参数::{'token': '63860b623c480f5af12a121d96d80947'}::接口请求参数api_datas::{'api': '/api/cart/lists', 'method': 'get', 'headers': {'token': '63860b623c480f5af12a121d96d80947'}, 'params': None, 'data': None, 'json': None}
2021-07-18 16:20:32,064 - base_api.py:[54] - [INFO] - 接口::/api/cart/lists::响应数据为::{'status_code': 200, 'content': {'code': 1, 'msg': '', 'data': {'lists': [], 'total_amount': 0, 'total_num': 0}, 'show': 0, 'time': '0.034692'}}
2021-07-18 16:20:32,178 - run.py:[19] - [INFO] - run_testCase::测试执行完毕，正在执行生成报告命令：allure generate ./result/ -o ./report/ --clean
2021-07-18 16:20:36,500 - zip_file.py:[19] - [INFO] - 文件：./report 压缩成功
2021-07-18 16:20:38,821 - run.py:[42] - [INFO] - 邮件发送成功，邮件标题：接口场景式自动化测试报告
2021-07-18 16:47:02,172 - run.py:[10] - [INFO] - run_testCase::正在执行测试命令：python3 -m pytest ./test/ -s -q --alluredir=./result/
2021-07-18 16:47:11,533 - run.py:[10] - [INFO] - run_testCase::正在执行测试命令：python3 -m pytest ./test/ -s -q --alluredir=./result/
2021-07-18 16:47:34,999 - run.py:[10] - [INFO] - run_testCase::正在执行测试命令：python -m pytest ./test/ -s -q --alluredir=./result/
2021-07-18 16:47:36,043 - base_api.py:[51] - [INFO] - 读取YAML文件::./yaml_api/registerlogin_page.yaml::请求的接口名称::login::传入接口参数::{'account': '15200000001', 'password': '111111.'}::接口请求参数api_datas::{'api': '/api/account/login', 'method': 'post', 'headers': None, 'params': None, 'data': None, 'json': {'account': '15200000001', 'password': '111111.', 'client': 5}}
2021-07-18 16:47:36,178 - base_api.py:[54] - [INFO] - 接口::/api/account/login::响应数据为::{'status_code': 200, 'content': {'code': 1, 'msg': '登录成功', 'data': {'id': 156, 'nickname': 'Jie', 'avatar': 'http://jc-mall1.oss-cn-shanghai.aliyuncs.com/uploads/images/2021052712154909b870403.png', 'level': 0, 'disable': 0, 'distribution_code': '7TZH6Z', 'token': 'd0cb058ebdfd9aae4aa7f491ace8fe0f'}, 'show': 0, 'time': '0.050823'}}
2021-07-18 16:47:36,179 - test_shopCar.py:[14] - [INFO] - ############开始测试购物车接口逻辑############
2021-07-18 16:47:36,211 - base_api.py:[51] - [INFO] - 读取YAML文件::./yaml_api/registerlogin_page.yaml::请求的接口名称::login::传入接口参数::{'account': '15200000001', 'password': '111111.'}::接口请求参数api_datas::{'api': '/api/account/login', 'method': 'post', 'headers': None, 'params': None, 'data': None, 'json': {'account': '15200000001', 'password': '111111.', 'client': 5}}
2021-07-18 16:47:36,328 - base_api.py:[54] - [INFO] - 接口::/api/account/login::响应数据为::{'status_code': 200, 'content': {'code': 1, 'msg': '登录成功', 'data': {'id': 156, 'nickname': 'Jie', 'avatar': 'http://jc-mall1.oss-cn-shanghai.aliyuncs.com/uploads/images/2021052712154909b870403.png', 'level': 0, 'disable': 0, 'distribution_code': '7TZH6Z', 'token': 'd0cb058ebdfd9aae4aa7f491ace8fe0f'}, 'show': 0, 'time': '0.051816'}}
2021-07-18 16:47:36,624 - base_api.py:[51] - [INFO] - 读取YAML文件::./yaml_api/registerlogin_page.yaml::请求的接口名称::login::传入接口参数::{'account': '15200000001', 'password': '1111111'}::接口请求参数api_datas::{'api': '/api/account/login', 'method': 'post', 'headers': None, 'params': None, 'data': None, 'json': {'account': '15200000001', 'password': '1111111', 'client': 5}}
2021-07-18 16:47:36,732 - base_api.py:[54] - [INFO] - 接口::/api/account/login::响应数据为::{'status_code': 200, 'content': {'code': 0, 'msg': '密码错误', 'data': [], 'show': 1, 'time': '0.047739'}}
2021-07-18 16:47:36,833 - test_shopCar.py:[18] - [INFO] - ************开始执行测试用例::test_addGoods_shopCar_01::把商品4加入购物车************
2021-07-18 16:47:36,845 - base_api.py:[51] - [INFO] - 读取YAML文件::./yaml_api/home_page.yaml::请求的接口名称::shopCarList::传入接口参数::{'token': 'd0cb058ebdfd9aae4aa7f491ace8fe0f'}::接口请求参数api_datas::{'api': '/api/cart/lists', 'method': 'get', 'headers': {'token': 'd0cb058ebdfd9aae4aa7f491ace8fe0f'}, 'params': None, 'data': None, 'json': None}
2021-07-18 16:47:36,940 - base_api.py:[54] - [INFO] - 接口::/api/cart/lists::响应数据为::{'status_code': 200, 'content': {'code': 1, 'msg': '', 'data': {'lists': [], 'total_amount': 0, 'total_num': 0}, 'show': 0, 'time': '0.036208'}}
2021-07-18 16:47:36,952 - base_api.py:[51] - [INFO] - 读取YAML文件::./yaml_api/goodsDetail_page.yaml::请求的接口名称::goodsDetail_cartAdd::传入接口参数::{'token': 'd0cb058ebdfd9aae4aa7f491ace8fe0f', 'goodsId': 4}::接口请求参数api_datas::{'api': '/api/cart/add', 'method': 'post', 'headers': {'token': 'd0cb058ebdfd9aae4aa7f491ace8fe0f'}, 'params': None, 'data': None, 'json': {'item_id': '4', 'goods_num': 1}}
2021-07-18 16:47:37,073 - base_api.py:[54] - [INFO] - 接口::/api/cart/add::响应数据为::{'status_code': 200, 'content': {'code': 1, 'msg': '加入成功', 'data': [], 'show': 0, 'time': '0.047141'}}
2021-07-18 16:47:37,091 - base_api.py:[51] - [INFO] - 读取YAML文件::./yaml_api/home_page.yaml::请求的接口名称::shopCarList::传入接口参数::{'token': 'd0cb058ebdfd9aae4aa7f491ace8fe0f'}::接口请求参数api_datas::{'api': '/api/cart/lists', 'method': 'get', 'headers': {'token': 'd0cb058ebdfd9aae4aa7f491ace8fe0f'}, 'params': None, 'data': None, 'json': None}
2021-07-18 16:47:37,278 - base_api.py:[54] - [INFO] - 接口::/api/cart/lists::响应数据为::{'status_code': 200, 'content': {'code': 1, 'msg': '', 'data': {'lists': [{'name': '晨光文具可削铅笔 六角2B 红黑抽条 木杆铅笔 儿童铅笔 AWP30804', 'goods_id': 4, 'g_status': 1, 'g_del': 0, 'spec_value_str': '默认', 'price': '7.00', 'goods_num': 1, 'selected': 1, 'cart_id': 114, 'item_id': 4, 'img': 'http://jc-mall1.oss-cn-shanghai.aliyuncs.com/uploads/images/20210527130912ba1a14913.png', 'cart_status': 0, 'sub_price': 7}], 'total_amount': 7, 'total_num': 1}, 'show': 0, 'time': '0.035114'}}
2021-07-18 16:47:37,380 - test_shopCar.py:[40] - [INFO] - ************开始执行测试用例::test_dellGoods_shopCar_02::把商品从购物车中删除************
2021-07-18 16:47:37,383 - base_api.py:[51] - [INFO] - 读取YAML文件::./yaml_api/goodsDetail_page.yaml::请求的接口名称::goodsDetail_cartAdd::传入接口参数::{'token': 'd0cb058ebdfd9aae4aa7f491ace8fe0f', 'goodsId': 4}::接口请求参数api_datas::{'api': '/api/cart/add', 'method': 'post', 'headers': {'token': 'd0cb058ebdfd9aae4aa7f491ace8fe0f'}, 'params': None, 'data': None, 'json': {'item_id': '4', 'goods_num': 1}}
2021-07-18 16:47:37,486 - base_api.py:[54] - [INFO] - 接口::/api/cart/add::响应数据为::{'status_code': 200, 'content': {'code': 1, 'msg': '加入成功', 'data': [], 'show': 0, 'time': '0.044903'}}
2021-07-18 16:47:37,504 - base_api.py:[51] - [INFO] - 读取YAML文件::./yaml_api/home_page.yaml::请求的接口名称::shopCarList::传入接口参数::{'token': 'd0cb058ebdfd9aae4aa7f491ace8fe0f'}::接口请求参数api_datas::{'api': '/api/cart/lists', 'method': 'get', 'headers': {'token': 'd0cb058ebdfd9aae4aa7f491ace8fe0f'}, 'params': None, 'data': None, 'json': None}
2021-07-18 16:47:37,595 - base_api.py:[54] - [INFO] - 接口::/api/cart/lists::响应数据为::{'status_code': 200, 'content': {'code': 1, 'msg': '', 'data': {'lists': [{'name': '晨光文具可削铅笔 六角2B 红黑抽条 木杆铅笔 儿童铅笔 AWP30804', 'goods_id': 4, 'g_status': 1, 'g_del': 0, 'spec_value_str': '默认', 'price': '7.00', 'goods_num': 2, 'selected': 1, 'cart_id': 114, 'item_id': 4, 'img': 'http://jc-mall1.oss-cn-shanghai.aliyuncs.com/uploads/images/20210527130912ba1a14913.png', 'cart_status': 0, 'sub_price': 14}], 'total_amount': 14, 'total_num': 2}, 'show': 0, 'time': '0.035512'}}
2021-07-18 16:47:37,598 - base_api.py:[51] - [INFO] - 读取YAML文件::./yaml_api/shopCar_page.yaml::请求的接口名称::cart_del::传入接口参数::{'token': 'd0cb058ebdfd9aae4aa7f491ace8fe0f', 'cart_id': 114}::接口请求参数api_datas::{'api': '/api/cart/del', 'method': 'post', 'headers': {'token': 'd0cb058ebdfd9aae4aa7f491ace8fe0f'}, 'params': None, 'data': None, 'json': {'cart_id': '114'}}
2021-07-18 16:47:37,725 - base_api.py:[54] - [INFO] - 接口::/api/cart/del::响应数据为::{'status_code': 200, 'content': {'code': 1, 'msg': '删除成功', 'data': [], 'show': 0, 'time': '0.037079'}}
2021-07-18 16:47:37,748 - base_api.py:[51] - [INFO] - 读取YAML文件::./yaml_api/home_page.yaml::请求的接口名称::shopCarList::传入接口参数::{'token': 'd0cb058ebdfd9aae4aa7f491ace8fe0f'}::接口请求参数api_datas::{'api': '/api/cart/lists', 'method': 'get', 'headers': {'token': 'd0cb058ebdfd9aae4aa7f491ace8fe0f'}, 'params': None, 'data': None, 'json': None}
2021-07-18 16:47:37,861 - base_api.py:[54] - [INFO] - 接口::/api/cart/lists::响应数据为::{'status_code': 200, 'content': {'code': 1, 'msg': '', 'data': {'lists': [], 'total_amount': 0, 'total_num': 0}, 'show': 0, 'time': '0.030950'}}
2021-07-18 16:47:37,977 - run.py:[19] - [INFO] - run_testCase::测试执行完毕，正在执行生成报告命令：allure generate ./result/ -o ./report/ --clean
2021-07-18 16:47:42,489 - zip_file.py:[19] - [INFO] - 文件：./report 压缩成功
2021-07-18 16:47:42,539 - run.py:[44] - [ERROR] - 读取配置文件::./config.yaml::失败::please run connect() first
2021-07-18 16:48:20,735 - run.py:[10] - [INFO] - run_testCase::正在执行测试命令：python -m pytest ./test/ -s -q --alluredir=./result/
2021-07-18 16:48:21,807 - base_api.py:[51] - [INFO] - 读取YAML文件::./yaml_api/registerlogin_page.yaml::请求的接口名称::login::传入接口参数::{'account': '15200000001', 'password': '111111.'}::接口请求参数api_datas::{'api': '/api/account/login', 'method': 'post', 'headers': None, 'params': None, 'data': None, 'json': {'account': '15200000001', 'password': '111111.', 'client': 5}}
2021-07-18 16:48:22,099 - base_api.py:[54] - [INFO] - 接口::/api/account/login::响应数据为::{'status_code': 200, 'content': {'code': 1, 'msg': '登录成功', 'data': {'id': 156, 'nickname': 'Jie', 'avatar': 'http://jc-mall1.oss-cn-shanghai.aliyuncs.com/uploads/images/2021052712154909b870403.png', 'level': 0, 'disable': 0, 'distribution_code': '7TZH6Z', 'token': '3fa75dd280b88d1855e0301aff0bd9ec'}, 'show': 0, 'time': '0.073626'}}
2021-07-18 16:48:22,100 - test_shopCar.py:[14] - [INFO] - ############开始测试购物车接口逻辑############
2021-07-18 16:48:22,132 - base_api.py:[51] - [INFO] - 读取YAML文件::./yaml_api/registerlogin_page.yaml::请求的接口名称::login::传入接口参数::{'account': '15200000001', 'password': '111111.'}::接口请求参数api_datas::{'api': '/api/account/login', 'method': 'post', 'headers': None, 'params': None, 'data': None, 'json': {'account': '15200000001', 'password': '111111.', 'client': 5}}
2021-07-18 16:48:22,433 - base_api.py:[54] - [INFO] - 接口::/api/account/login::响应数据为::{'status_code': 200, 'content': {'code': 1, 'msg': '登录成功', 'data': {'id': 156, 'nickname': 'Jie', 'avatar': 'http://jc-mall1.oss-cn-shanghai.aliyuncs.com/uploads/images/2021052712154909b870403.png', 'level': 0, 'disable': 0, 'distribution_code': '7TZH6Z', 'token': '3fa75dd280b88d1855e0301aff0bd9ec'}, 'show': 0, 'time': '0.167284'}}
2021-07-18 16:48:22,729 - base_api.py:[51] - [INFO] - 读取YAML文件::./yaml_api/registerlogin_page.yaml::请求的接口名称::login::传入接口参数::{'account': '15200000001', 'password': '1111111'}::接口请求参数api_datas::{'api': '/api/account/login', 'method': 'post', 'headers': None, 'params': None, 'data': None, 'json': {'account': '15200000001', 'password': '1111111', 'client': 5}}
2021-07-18 16:48:22,942 - base_api.py:[54] - [INFO] - 接口::/api/account/login::响应数据为::{'status_code': 200, 'content': {'code': 0, 'msg': '密码错误', 'data': [], 'show': 1, 'time': '0.032781'}}
2021-07-18 16:48:23,028 - test_shopCar.py:[18] - [INFO] - ************开始执行测试用例::test_addGoods_shopCar_01::把商品4加入购物车************
2021-07-18 16:48:23,041 - base_api.py:[51] - [INFO] - 读取YAML文件::./yaml_api/home_page.yaml::请求的接口名称::shopCarList::传入接口参数::{'token': '3fa75dd280b88d1855e0301aff0bd9ec'}::接口请求参数api_datas::{'api': '/api/cart/lists', 'method': 'get', 'headers': {'token': '3fa75dd280b88d1855e0301aff0bd9ec'}, 'params': None, 'data': None, 'json': None}
2021-07-18 16:48:23,131 - base_api.py:[54] - [INFO] - 接口::/api/cart/lists::响应数据为::{'status_code': 200, 'content': {'code': 1, 'msg': '', 'data': {'lists': [], 'total_amount': 0, 'total_num': 0}, 'show': 0, 'time': '0.032658'}}
2021-07-18 16:48:23,143 - base_api.py:[51] - [INFO] - 读取YAML文件::./yaml_api/goodsDetail_page.yaml::请求的接口名称::goodsDetail_cartAdd::传入接口参数::{'token': '3fa75dd280b88d1855e0301aff0bd9ec', 'goodsId': 4}::接口请求参数api_datas::{'api': '/api/cart/add', 'method': 'post', 'headers': {'token': '3fa75dd280b88d1855e0301aff0bd9ec'}, 'params': None, 'data': None, 'json': {'item_id': '4', 'goods_num': 1}}
2021-07-18 16:48:23,279 - base_api.py:[54] - [INFO] - 接口::/api/cart/add::响应数据为::{'status_code': 200, 'content': {'code': 1, 'msg': '加入成功', 'data': [], 'show': 0, 'time': '0.044870'}}
2021-07-18 16:48:23,302 - base_api.py:[51] - [INFO] - 读取YAML文件::./yaml_api/home_page.yaml::请求的接口名称::shopCarList::传入接口参数::{'token': '3fa75dd280b88d1855e0301aff0bd9ec'}::接口请求参数api_datas::{'api': '/api/cart/lists', 'method': 'get', 'headers': {'token': '3fa75dd280b88d1855e0301aff0bd9ec'}, 'params': None, 'data': None, 'json': None}
2021-07-18 16:48:23,420 - base_api.py:[54] - [INFO] - 接口::/api/cart/lists::响应数据为::{'status_code': 200, 'content': {'code': 1, 'msg': '', 'data': {'lists': [{'name': '晨光文具可削铅笔 六角2B 红黑抽条 木杆铅笔 儿童铅笔 AWP30804', 'goods_id': 4, 'g_status': 1, 'g_del': 0, 'spec_value_str': '默认', 'price': '7.00', 'goods_num': 1, 'selected': 1, 'cart_id': 115, 'item_id': 4, 'img': 'http://jc-mall1.oss-cn-shanghai.aliyuncs.com/uploads/images/20210527130912ba1a14913.png', 'cart_status': 0, 'sub_price': 7}], 'total_amount': 7, 'total_num': 1}, 'show': 0, 'time': '0.035583'}}
2021-07-18 16:48:23,500 - test_shopCar.py:[40] - [INFO] - ************开始执行测试用例::test_dellGoods_shopCar_02::把商品从购物车中删除************
2021-07-18 16:48:23,502 - base_api.py:[51] - [INFO] - 读取YAML文件::./yaml_api/goodsDetail_page.yaml::请求的接口名称::goodsDetail_cartAdd::传入接口参数::{'token': '3fa75dd280b88d1855e0301aff0bd9ec', 'goodsId': 4}::接口请求参数api_datas::{'api': '/api/cart/add', 'method': 'post', 'headers': {'token': '3fa75dd280b88d1855e0301aff0bd9ec'}, 'params': None, 'data': None, 'json': {'item_id': '4', 'goods_num': 1}}
2021-07-18 16:48:23,603 - base_api.py:[54] - [INFO] - 接口::/api/cart/add::响应数据为::{'status_code': 200, 'content': {'code': 1, 'msg': '加入成功', 'data': [], 'show': 0, 'time': '0.045236'}}
2021-07-18 16:48:23,625 - base_api.py:[51] - [INFO] - 读取YAML文件::./yaml_api/home_page.yaml::请求的接口名称::shopCarList::传入接口参数::{'token': '3fa75dd280b88d1855e0301aff0bd9ec'}::接口请求参数api_datas::{'api': '/api/cart/lists', 'method': 'get', 'headers': {'token': '3fa75dd280b88d1855e0301aff0bd9ec'}, 'params': None, 'data': None, 'json': None}
2021-07-18 16:48:23,830 - base_api.py:[54] - [INFO] - 接口::/api/cart/lists::响应数据为::{'status_code': 200, 'content': {'code': 1, 'msg': '', 'data': {'lists': [{'name': '晨光文具可削铅笔 六角2B 红黑抽条 木杆铅笔 儿童铅笔 AWP30804', 'goods_id': 4, 'g_status': 1, 'g_del': 0, 'spec_value_str': '默认', 'price': '7.00', 'goods_num': 2, 'selected': 1, 'cart_id': 115, 'item_id': 4, 'img': 'http://jc-mall1.oss-cn-shanghai.aliyuncs.com/uploads/images/20210527130912ba1a14913.png', 'cart_status': 0, 'sub_price': 14}], 'total_amount': 14, 'total_num': 2}, 'show': 0, 'time': '0.034692'}}
2021-07-18 16:48:23,835 - base_api.py:[51] - [INFO] - 读取YAML文件::./yaml_api/shopCar_page.yaml::请求的接口名称::cart_del::传入接口参数::{'token': '3fa75dd280b88d1855e0301aff0bd9ec', 'cart_id': 115}::接口请求参数api_datas::{'api': '/api/cart/del', 'method': 'post', 'headers': {'token': '3fa75dd280b88d1855e0301aff0bd9ec'}, 'params': None, 'data': None, 'json': {'cart_id': '115'}}
2021-07-18 16:48:23,963 - base_api.py:[54] - [INFO] - 接口::/api/cart/del::响应数据为::{'status_code': 200, 'content': {'code': 1, 'msg': '删除成功', 'data': [], 'show': 0, 'time': '0.037272'}}
2021-07-18 16:48:23,983 - base_api.py:[51] - [INFO] - 读取YAML文件::./yaml_api/home_page.yaml::请求的接口名称::shopCarList::传入接口参数::{'token': '3fa75dd280b88d1855e0301aff0bd9ec'}::接口请求参数api_datas::{'api': '/api/cart/lists', 'method': 'get', 'headers': {'token': '3fa75dd280b88d1855e0301aff0bd9ec'}, 'params': None, 'data': None, 'json': None}
2021-07-18 16:48:24,087 - base_api.py:[54] - [INFO] - 接口::/api/cart/lists::响应数据为::{'status_code': 200, 'content': {'code': 1, 'msg': '', 'data': {'lists': [], 'total_amount': 0, 'total_num': 0}, 'show': 0, 'time': '0.030746'}}
2021-07-18 16:48:24,207 - run.py:[19] - [INFO] - run_testCase::测试执行完毕，正在执行生成报告命令：allure generate ./result/ -o ./report/ --clean
2021-07-18 16:48:28,819 - zip_file.py:[19] - [INFO] - 文件：./report 压缩成功
2021-07-18 16:48:28,873 - run.py:[44] - [ERROR] - 读取配置文件::./config.yaml::失败::please run connect() first
2021-07-18 16:49:01,850 - run.py:[10] - [INFO] - run_testCase::正在执行测试命令：python -m pytest ./test/ -s -q --alluredir=./result/
2021-07-18 16:49:02,923 - base_api.py:[51] - [INFO] - 读取YAML文件::./yaml_api/registerlogin_page.yaml::请求的接口名称::login::传入接口参数::{'account': '15200000001', 'password': '111111.'}::接口请求参数api_datas::{'api': '/api/account/login', 'method': 'post', 'headers': None, 'params': None, 'data': None, 'json': {'account': '15200000001', 'password': '111111.', 'client': 5}}
2021-07-18 16:49:03,070 - base_api.py:[54] - [INFO] - 接口::/api/account/login::响应数据为::{'status_code': 200, 'content': {'code': 1, 'msg': '登录成功', 'data': {'id': 156, 'nickname': 'Jie', 'avatar': 'http://jc-mall1.oss-cn-shanghai.aliyuncs.com/uploads/images/2021052712154909b870403.png', 'level': 0, 'disable': 0, 'distribution_code': '7TZH6Z', 'token': '74c07e06c146ae171627cbd6af967702'}, 'show': 0, 'time': '0.068893'}}
2021-07-18 16:49:03,071 - test_shopCar.py:[14] - [INFO] - ############开始测试购物车接口逻辑############
2021-07-18 16:49:03,101 - base_api.py:[51] - [INFO] - 读取YAML文件::./yaml_api/registerlogin_page.yaml::请求的接口名称::login::传入接口参数::{'account': '15200000001', 'password': '111111.'}::接口请求参数api_datas::{'api': '/api/account/login', 'method': 'post', 'headers': None, 'params': None, 'data': None, 'json': {'account': '15200000001', 'password': '111111.', 'client': 5}}
2021-07-18 16:49:03,376 - base_api.py:[54] - [INFO] - 接口::/api/account/login::响应数据为::{'status_code': 200, 'content': {'code': 1, 'msg': '登录成功', 'data': {'id': 156, 'nickname': 'Jie', 'avatar': 'http://jc-mall1.oss-cn-shanghai.aliyuncs.com/uploads/images/2021052712154909b870403.png', 'level': 0, 'disable': 0, 'distribution_code': '7TZH6Z', 'token': '74c07e06c146ae171627cbd6af967702'}, 'show': 0, 'time': '0.059565'}}
2021-07-18 16:49:03,689 - base_api.py:[51] - [INFO] - 读取YAML文件::./yaml_api/registerlogin_page.yaml::请求的接口名称::login::传入接口参数::{'account': '15200000001', 'password': '1111111'}::接口请求参数api_datas::{'api': '/api/account/login', 'method': 'post', 'headers': None, 'params': None, 'data': None, 'json': {'account': '15200000001', 'password': '1111111', 'client': 5}}
2021-07-18 16:49:03,777 - base_api.py:[54] - [INFO] - 接口::/api/account/login::响应数据为::{'status_code': 200, 'content': {'code': 0, 'msg': '密码错误', 'data': [], 'show': 1, 'time': '0.031528'}}
2021-07-18 16:49:03,845 - test_shopCar.py:[18] - [INFO] - ************开始执行测试用例::test_addGoods_shopCar_01::把商品4加入购物车************
2021-07-18 16:49:03,852 - base_api.py:[51] - [INFO] - 读取YAML文件::./yaml_api/home_page.yaml::请求的接口名称::shopCarList::传入接口参数::{'token': '74c07e06c146ae171627cbd6af967702'}::接口请求参数api_datas::{'api': '/api/cart/lists', 'method': 'get', 'headers': {'token': '74c07e06c146ae171627cbd6af967702'}, 'params': None, 'data': None, 'json': None}
2021-07-18 16:49:03,952 - base_api.py:[54] - [INFO] - 接口::/api/cart/lists::响应数据为::{'status_code': 200, 'content': {'code': 1, 'msg': '', 'data': {'lists': [], 'total_amount': 0, 'total_num': 0}, 'show': 0, 'time': '0.041425'}}
2021-07-18 16:49:03,965 - base_api.py:[51] - [INFO] - 读取YAML文件::./yaml_api/goodsDetail_page.yaml::请求的接口名称::goodsDetail_cartAdd::传入接口参数::{'token': '74c07e06c146ae171627cbd6af967702', 'goodsId': 4}::接口请求参数api_datas::{'api': '/api/cart/add', 'method': 'post', 'headers': {'token': '74c07e06c146ae171627cbd6af967702'}, 'params': None, 'data': None, 'json': {'item_id': '4', 'goods_num': 1}}
2021-07-18 16:49:04,103 - base_api.py:[54] - [INFO] - 接口::/api/cart/add::响应数据为::{'status_code': 200, 'content': {'code': 1, 'msg': '加入成功', 'data': [], 'show': 0, 'time': '0.064715'}}
2021-07-18 16:49:04,126 - base_api.py:[51] - [INFO] - 读取YAML文件::./yaml_api/home_page.yaml::请求的接口名称::shopCarList::传入接口参数::{'token': '74c07e06c146ae171627cbd6af967702'}::接口请求参数api_datas::{'api': '/api/cart/lists', 'method': 'get', 'headers': {'token': '74c07e06c146ae171627cbd6af967702'}, 'params': None, 'data': None, 'json': None}
2021-07-18 16:49:04,243 - base_api.py:[54] - [INFO] - 接口::/api/cart/lists::响应数据为::{'status_code': 200, 'content': {'code': 1, 'msg': '', 'data': {'lists': [{'name': '晨光文具可削铅笔 六角2B 红黑抽条 木杆铅笔 儿童铅笔 AWP30804', 'goods_id': 4, 'g_status': 1, 'g_del': 0, 'spec_value_str': '默认', 'price': '7.00', 'goods_num': 1, 'selected': 1, 'cart_id': 116, 'item_id': 4, 'img': 'http://jc-mall1.oss-cn-shanghai.aliyuncs.com/uploads/images/20210527130912ba1a14913.png', 'cart_status': 0, 'sub_price': 7}], 'total_amount': 7, 'total_num': 1}, 'show': 0, 'time': '0.039140'}}
2021-07-18 16:49:04,328 - test_shopCar.py:[40] - [INFO] - ************开始执行测试用例::test_dellGoods_shopCar_02::把商品从购物车中删除************
2021-07-18 16:49:04,331 - base_api.py:[51] - [INFO] - 读取YAML文件::./yaml_api/goodsDetail_page.yaml::请求的接口名称::goodsDetail_cartAdd::传入接口参数::{'token': '74c07e06c146ae171627cbd6af967702', 'goodsId': 4}::接口请求参数api_datas::{'api': '/api/cart/add', 'method': 'post', 'headers': {'token': '74c07e06c146ae171627cbd6af967702'}, 'params': None, 'data': None, 'json': {'item_id': '4', 'goods_num': 1}}
2021-07-18 16:49:04,438 - base_api.py:[54] - [INFO] - 接口::/api/cart/add::响应数据为::{'status_code': 200, 'content': {'code': 1, 'msg': '加入成功', 'data': [], 'show': 0, 'time': '0.050980'}}
2021-07-18 16:49:04,460 - base_api.py:[51] - [INFO] - 读取YAML文件::./yaml_api/home_page.yaml::请求的接口名称::shopCarList::传入接口参数::{'token': '74c07e06c146ae171627cbd6af967702'}::接口请求参数api_datas::{'api': '/api/cart/lists', 'method': 'get', 'headers': {'token': '74c07e06c146ae171627cbd6af967702'}, 'params': None, 'data': None, 'json': None}
2021-07-18 16:49:04,565 - base_api.py:[54] - [INFO] - 接口::/api/cart/lists::响应数据为::{'status_code': 200, 'content': {'code': 1, 'msg': '', 'data': {'lists': [{'name': '晨光文具可削铅笔 六角2B 红黑抽条 木杆铅笔 儿童铅笔 AWP30804', 'goods_id': 4, 'g_status': 1, 'g_del': 0, 'spec_value_str': '默认', 'price': '7.00', 'goods_num': 2, 'selected': 1, 'cart_id': 116, 'item_id': 4, 'img': 'http://jc-mall1.oss-cn-shanghai.aliyuncs.com/uploads/images/20210527130912ba1a14913.png', 'cart_status': 0, 'sub_price': 14}], 'total_amount': 14, 'total_num': 2}, 'show': 0, 'time': '0.035387'}}
2021-07-18 16:49:04,572 - base_api.py:[51] - [INFO] - 读取YAML文件::./yaml_api/shopCar_page.yaml::请求的接口名称::cart_del::传入接口参数::{'token': '74c07e06c146ae171627cbd6af967702', 'cart_id': 116}::接口请求参数api_datas::{'api': '/api/cart/del', 'method': 'post', 'headers': {'token': '74c07e06c146ae171627cbd6af967702'}, 'params': None, 'data': None, 'json': {'cart_id': '116'}}
2021-07-18 16:49:04,721 - base_api.py:[54] - [INFO] - 接口::/api/cart/del::响应数据为::{'status_code': 200, 'content': {'code': 1, 'msg': '删除成功', 'data': [], 'show': 0, 'time': '0.046660'}}
2021-07-18 16:49:04,741 - base_api.py:[51] - [INFO] - 读取YAML文件::./yaml_api/home_page.yaml::请求的接口名称::shopCarList::传入接口参数::{'token': '74c07e06c146ae171627cbd6af967702'}::接口请求参数api_datas::{'api': '/api/cart/lists', 'method': 'get', 'headers': {'token': '74c07e06c146ae171627cbd6af967702'}, 'params': None, 'data': None, 'json': None}
2021-07-18 16:49:04,902 - base_api.py:[54] - [INFO] - 接口::/api/cart/lists::响应数据为::{'status_code': 200, 'content': {'code': 1, 'msg': '', 'data': {'lists': [], 'total_amount': 0, 'total_num': 0}, 'show': 0, 'time': '0.047165'}}
2021-07-18 16:49:05,011 - run.py:[19] - [INFO] - run_testCase::测试执行完毕，正在执行生成报告命令：allure generate ./result/ -o ./report/ --clean
2021-07-18 16:49:09,518 - zip_file.py:[19] - [INFO] - 文件：./report 压缩成功
2021-07-18 16:49:09,612 - run.py:[44] - [ERROR] - 读取配置文件::./config.yaml::失败::server_hostname cannot be an empty string or start with a leading dot.
2021-07-18 16:51:29,376 - run.py:[10] - [INFO] - run_testCase::正在执行测试命令：python -m pytest ./test/ -s -q --alluredir=./result/
2021-07-18 16:51:30,421 - base_api.py:[51] - [INFO] - 读取YAML文件::./yaml_api/registerlogin_page.yaml::请求的接口名称::login::传入接口参数::{'account': '15200000001', 'password': '111111.'}::接口请求参数api_datas::{'api': '/api/account/login', 'method': 'post', 'headers': None, 'params': None, 'data': None, 'json': {'account': '15200000001', 'password': '111111.', 'client': 5}}
2021-07-18 16:51:30,552 - base_api.py:[54] - [INFO] - 接口::/api/account/login::响应数据为::{'status_code': 200, 'content': {'code': 1, 'msg': '登录成功', 'data': {'id': 156, 'nickname': 'Jie', 'avatar': 'http://jc-mall1.oss-cn-shanghai.aliyuncs.com/uploads/images/2021052712154909b870403.png', 'level': 0, 'disable': 0, 'distribution_code': '7TZH6Z', 'token': '245cda9b06d0124d070ec01efdba71e5'}, 'show': 0, 'time': '0.056166'}}
2021-07-18 16:51:30,554 - test_shopCar.py:[14] - [INFO] - ############开始测试购物车接口逻辑############
2021-07-18 16:51:30,580 - base_api.py:[51] - [INFO] - 读取YAML文件::./yaml_api/registerlogin_page.yaml::请求的接口名称::login::传入接口参数::{'account': '15200000001', 'password': '111111.'}::接口请求参数api_datas::{'api': '/api/account/login', 'method': 'post', 'headers': None, 'params': None, 'data': None, 'json': {'account': '15200000001', 'password': '111111.', 'client': 5}}
2021-07-18 16:51:30,765 - base_api.py:[54] - [INFO] - 接口::/api/account/login::响应数据为::{'status_code': 200, 'content': {'code': 1, 'msg': '登录成功', 'data': {'id': 156, 'nickname': 'Jie', 'avatar': 'http://jc-mall1.oss-cn-shanghai.aliyuncs.com/uploads/images/2021052712154909b870403.png', 'level': 0, 'disable': 0, 'distribution_code': '7TZH6Z', 'token': '245cda9b06d0124d070ec01efdba71e5'}, 'show': 0, 'time': '0.051756'}}
2021-07-18 16:51:31,075 - base_api.py:[51] - [INFO] - 读取YAML文件::./yaml_api/registerlogin_page.yaml::请求的接口名称::login::传入接口参数::{'account': '15200000001', 'password': '1111111'}::接口请求参数api_datas::{'api': '/api/account/login', 'method': 'post', 'headers': None, 'params': None, 'data': None, 'json': {'account': '15200000001', 'password': '1111111', 'client': 5}}
2021-07-18 16:51:31,220 - base_api.py:[54] - [INFO] - 接口::/api/account/login::响应数据为::{'status_code': 200, 'content': {'code': 0, 'msg': '密码错误', 'data': [], 'show': 1, 'time': '0.031677'}}
2021-07-18 16:51:31,283 - test_shopCar.py:[18] - [INFO] - ************开始执行测试用例::test_addGoods_shopCar_01::把商品4加入购物车************
2021-07-18 16:51:31,289 - base_api.py:[51] - [INFO] - 读取YAML文件::./yaml_api/home_page.yaml::请求的接口名称::shopCarList::传入接口参数::{'token': '245cda9b06d0124d070ec01efdba71e5'}::接口请求参数api_datas::{'api': '/api/cart/lists', 'method': 'get', 'headers': {'token': '245cda9b06d0124d070ec01efdba71e5'}, 'params': None, 'data': None, 'json': None}
2021-07-18 16:51:31,370 - base_api.py:[54] - [INFO] - 接口::/api/cart/lists::响应数据为::{'status_code': 200, 'content': {'code': 1, 'msg': '', 'data': {'lists': [], 'total_amount': 0, 'total_num': 0}, 'show': 0, 'time': '0.032465'}}
2021-07-18 16:51:31,378 - base_api.py:[51] - [INFO] - 读取YAML文件::./yaml_api/goodsDetail_page.yaml::请求的接口名称::goodsDetail_cartAdd::传入接口参数::{'token': '245cda9b06d0124d070ec01efdba71e5', 'goodsId': 4}::接口请求参数api_datas::{'api': '/api/cart/add', 'method': 'post', 'headers': {'token': '245cda9b06d0124d070ec01efdba71e5'}, 'params': None, 'data': None, 'json': {'item_id': '4', 'goods_num': 1}}
2021-07-18 16:51:31,508 - base_api.py:[54] - [INFO] - 接口::/api/cart/add::响应数据为::{'status_code': 200, 'content': {'code': 1, 'msg': '加入成功', 'data': [], 'show': 0, 'time': '0.043435'}}
2021-07-18 16:51:31,534 - base_api.py:[51] - [INFO] - 读取YAML文件::./yaml_api/home_page.yaml::请求的接口名称::shopCarList::传入接口参数::{'token': '245cda9b06d0124d070ec01efdba71e5'}::接口请求参数api_datas::{'api': '/api/cart/lists', 'method': 'get', 'headers': {'token': '245cda9b06d0124d070ec01efdba71e5'}, 'params': None, 'data': None, 'json': None}
2021-07-18 16:51:31,655 - base_api.py:[54] - [INFO] - 接口::/api/cart/lists::响应数据为::{'status_code': 200, 'content': {'code': 1, 'msg': '', 'data': {'lists': [{'name': '晨光文具可削铅笔 六角2B 红黑抽条 木杆铅笔 儿童铅笔 AWP30804', 'goods_id': 4, 'g_status': 1, 'g_del': 0, 'spec_value_str': '默认', 'price': '7.00', 'goods_num': 1, 'selected': 1, 'cart_id': 117, 'item_id': 4, 'img': 'http://jc-mall1.oss-cn-shanghai.aliyuncs.com/uploads/images/20210527130912ba1a14913.png', 'cart_status': 0, 'sub_price': 7}], 'total_amount': 7, 'total_num': 1}, 'show': 0, 'time': '0.043581'}}
2021-07-18 16:51:31,749 - test_shopCar.py:[40] - [INFO] - ************开始执行测试用例::test_dellGoods_shopCar_02::把商品从购物车中删除************
2021-07-18 16:51:31,752 - base_api.py:[51] - [INFO] - 读取YAML文件::./yaml_api/goodsDetail_page.yaml::请求的接口名称::goodsDetail_cartAdd::传入接口参数::{'token': '245cda9b06d0124d070ec01efdba71e5', 'goodsId': 4}::接口请求参数api_datas::{'api': '/api/cart/add', 'method': 'post', 'headers': {'token': '245cda9b06d0124d070ec01efdba71e5'}, 'params': None, 'data': None, 'json': {'item_id': '4', 'goods_num': 1}}
2021-07-18 16:51:31,853 - base_api.py:[54] - [INFO] - 接口::/api/cart/add::响应数据为::{'status_code': 200, 'content': {'code': 1, 'msg': '加入成功', 'data': [], 'show': 0, 'time': '0.044918'}}
2021-07-18 16:51:31,868 - base_api.py:[51] - [INFO] - 读取YAML文件::./yaml_api/home_page.yaml::请求的接口名称::shopCarList::传入接口参数::{'token': '245cda9b06d0124d070ec01efdba71e5'}::接口请求参数api_datas::{'api': '/api/cart/lists', 'method': 'get', 'headers': {'token': '245cda9b06d0124d070ec01efdba71e5'}, 'params': None, 'data': None, 'json': None}
2021-07-18 16:51:31,969 - base_api.py:[54] - [INFO] - 接口::/api/cart/lists::响应数据为::{'status_code': 200, 'content': {'code': 1, 'msg': '', 'data': {'lists': [{'name': '晨光文具可削铅笔 六角2B 红黑抽条 木杆铅笔 儿童铅笔 AWP30804', 'goods_id': 4, 'g_status': 1, 'g_del': 0, 'spec_value_str': '默认', 'price': '7.00', 'goods_num': 2, 'selected': 1, 'cart_id': 117, 'item_id': 4, 'img': 'http://jc-mall1.oss-cn-shanghai.aliyuncs.com/uploads/images/20210527130912ba1a14913.png', 'cart_status': 0, 'sub_price': 14}], 'total_amount': 14, 'total_num': 2}, 'show': 0, 'time': '0.035421'}}
2021-07-18 16:51:31,974 - base_api.py:[51] - [INFO] - 读取YAML文件::./yaml_api/shopCar_page.yaml::请求的接口名称::cart_del::传入接口参数::{'token': '245cda9b06d0124d070ec01efdba71e5', 'cart_id': 117}::接口请求参数api_datas::{'api': '/api/cart/del', 'method': 'post', 'headers': {'token': '245cda9b06d0124d070ec01efdba71e5'}, 'params': None, 'data': None, 'json': {'cart_id': '117'}}
2021-07-18 16:51:32,088 - base_api.py:[54] - [INFO] - 接口::/api/cart/del::响应数据为::{'status_code': 200, 'content': {'code': 1, 'msg': '删除成功', 'data': [], 'show': 0, 'time': '0.037381'}}
2021-07-18 16:51:32,094 - base_api.py:[51] - [INFO] - 读取YAML文件::./yaml_api/home_page.yaml::请求的接口名称::shopCarList::传入接口参数::{'token': '245cda9b06d0124d070ec01efdba71e5'}::接口请求参数api_datas::{'api': '/api/cart/lists', 'method': 'get', 'headers': {'token': '245cda9b06d0124d070ec01efdba71e5'}, 'params': None, 'data': None, 'json': None}
2021-07-18 16:51:32,175 - base_api.py:[54] - [INFO] - 接口::/api/cart/lists::响应数据为::{'status_code': 200, 'content': {'code': 1, 'msg': '', 'data': {'lists': [], 'total_amount': 0, 'total_num': 0}, 'show': 0, 'time': '0.030362'}}
2021-07-18 16:51:32,272 - run.py:[19] - [INFO] - run_testCase::测试执行完毕，正在执行生成报告命令：allure generate ./result/ -o ./report/ --clean
2021-07-18 16:51:37,019 - zip_file.py:[19] - [INFO] - 文件：./report 压缩成功
2021-07-18 16:51:37,342 - run.py:[44] - [ERROR] - 读取配置文件::./config.yaml::失败::'tuple' object has no attribute 'login'
2021-07-18 16:53:19,266 - run.py:[10] - [INFO] - run_testCase::正在执行测试命令：python -m pytest ./test/ -s -q --alluredir=./result/
2021-07-18 16:53:20,306 - base_api.py:[51] - [INFO] - 读取YAML文件::./yaml_api/registerlogin_page.yaml::请求的接口名称::login::传入接口参数::{'account': '15200000001', 'password': '111111.'}::接口请求参数api_datas::{'api': '/api/account/login', 'method': 'post', 'headers': None, 'params': None, 'data': None, 'json': {'account': '15200000001', 'password': '111111.', 'client': 5}}
2021-07-18 16:53:20,440 - base_api.py:[54] - [INFO] - 接口::/api/account/login::响应数据为::{'status_code': 200, 'content': {'code': 1, 'msg': '登录成功', 'data': {'id': 156, 'nickname': 'Jie', 'avatar': 'http://jc-mall1.oss-cn-shanghai.aliyuncs.com/uploads/images/2021052712154909b870403.png', 'level': 0, 'disable': 0, 'distribution_code': '7TZH6Z', 'token': 'e600c1b8306bb378df97149004ba03f7'}, 'show': 0, 'time': '0.055216'}}
2021-07-18 16:53:20,441 - test_shopCar.py:[14] - [INFO] - ############开始测试购物车接口逻辑############
2021-07-18 16:53:20,451 - base_api.py:[51] - [INFO] - 读取YAML文件::./yaml_api/registerlogin_page.yaml::请求的接口名称::login::传入接口参数::{'account': '15200000001', 'password': '111111.'}::接口请求参数api_datas::{'api': '/api/account/login', 'method': 'post', 'headers': None, 'params': None, 'data': None, 'json': {'account': '15200000001', 'password': '111111.', 'client': 5}}
2021-07-18 16:53:20,569 - base_api.py:[54] - [INFO] - 接口::/api/account/login::响应数据为::{'status_code': 200, 'content': {'code': 1, 'msg': '登录成功', 'data': {'id': 156, 'nickname': 'Jie', 'avatar': 'http://jc-mall1.oss-cn-shanghai.aliyuncs.com/uploads/images/2021052712154909b870403.png', 'level': 0, 'disable': 0, 'distribution_code': '7TZH6Z', 'token': 'e600c1b8306bb378df97149004ba03f7'}, 'show': 0, 'time': '0.054486'}}
2021-07-18 16:53:20,842 - base_api.py:[51] - [INFO] - 读取YAML文件::./yaml_api/registerlogin_page.yaml::请求的接口名称::login::传入接口参数::{'account': '15200000001', 'password': '1111111'}::接口请求参数api_datas::{'api': '/api/account/login', 'method': 'post', 'headers': None, 'params': None, 'data': None, 'json': {'account': '15200000001', 'password': '1111111', 'client': 5}}
2021-07-18 16:53:20,940 - base_api.py:[54] - [INFO] - 接口::/api/account/login::响应数据为::{'status_code': 200, 'content': {'code': 0, 'msg': '密码错误', 'data': [], 'show': 1, 'time': '0.039700'}}
2021-07-18 16:53:20,988 - test_shopCar.py:[18] - [INFO] - ************开始执行测试用例::test_addGoods_shopCar_01::把商品4加入购物车************
2021-07-18 16:53:20,994 - base_api.py:[51] - [INFO] - 读取YAML文件::./yaml_api/home_page.yaml::请求的接口名称::shopCarList::传入接口参数::{'token': 'e600c1b8306bb378df97149004ba03f7'}::接口请求参数api_datas::{'api': '/api/cart/lists', 'method': 'get', 'headers': {'token': 'e600c1b8306bb378df97149004ba03f7'}, 'params': None, 'data': None, 'json': None}
2021-07-18 16:53:21,094 - base_api.py:[54] - [INFO] - 接口::/api/cart/lists::响应数据为::{'status_code': 200, 'content': {'code': 1, 'msg': '', 'data': {'lists': [], 'total_amount': 0, 'total_num': 0}, 'show': 0, 'time': '0.031438'}}
2021-07-18 16:53:21,107 - base_api.py:[51] - [INFO] - 读取YAML文件::./yaml_api/goodsDetail_page.yaml::请求的接口名称::goodsDetail_cartAdd::传入接口参数::{'token': 'e600c1b8306bb378df97149004ba03f7', 'goodsId': 4}::接口请求参数api_datas::{'api': '/api/cart/add', 'method': 'post', 'headers': {'token': 'e600c1b8306bb378df97149004ba03f7'}, 'params': None, 'data': None, 'json': {'item_id': '4', 'goods_num': 1}}
2021-07-18 16:53:21,284 - base_api.py:[54] - [INFO] - 接口::/api/cart/add::响应数据为::{'status_code': 200, 'content': {'code': 1, 'msg': '加入成功', 'data': [], 'show': 0, 'time': '0.045304'}}
2021-07-18 16:53:21,303 - base_api.py:[51] - [INFO] - 读取YAML文件::./yaml_api/home_page.yaml::请求的接口名称::shopCarList::传入接口参数::{'token': 'e600c1b8306bb378df97149004ba03f7'}::接口请求参数api_datas::{'api': '/api/cart/lists', 'method': 'get', 'headers': {'token': 'e600c1b8306bb378df97149004ba03f7'}, 'params': None, 'data': None, 'json': None}
2021-07-18 16:53:21,413 - base_api.py:[54] - [INFO] - 接口::/api/cart/lists::响应数据为::{'status_code': 200, 'content': {'code': 1, 'msg': '', 'data': {'lists': [{'name': '晨光文具可削铅笔 六角2B 红黑抽条 木杆铅笔 儿童铅笔 AWP30804', 'goods_id': 4, 'g_status': 1, 'g_del': 0, 'spec_value_str': '默认', 'price': '7.00', 'goods_num': 1, 'selected': 1, 'cart_id': 118, 'item_id': 4, 'img': 'http://jc-mall1.oss-cn-shanghai.aliyuncs.com/uploads/images/20210527130912ba1a14913.png', 'cart_status': 0, 'sub_price': 7}], 'total_amount': 7, 'total_num': 1}, 'show': 0, 'time': '0.035476'}}
2021-07-18 16:53:21,497 - test_shopCar.py:[40] - [INFO] - ************开始执行测试用例::test_dellGoods_shopCar_02::把商品从购物车中删除************
2021-07-18 16:53:21,500 - base_api.py:[51] - [INFO] - 读取YAML文件::./yaml_api/goodsDetail_page.yaml::请求的接口名称::goodsDetail_cartAdd::传入接口参数::{'token': 'e600c1b8306bb378df97149004ba03f7', 'goodsId': 4}::接口请求参数api_datas::{'api': '/api/cart/add', 'method': 'post', 'headers': {'token': 'e600c1b8306bb378df97149004ba03f7'}, 'params': None, 'data': None, 'json': {'item_id': '4', 'goods_num': 1}}
2021-07-18 16:53:21,618 - base_api.py:[54] - [INFO] - 接口::/api/cart/add::响应数据为::{'status_code': 200, 'content': {'code': 1, 'msg': '加入成功', 'data': [], 'show': 0, 'time': '0.043765'}}
2021-07-18 16:53:21,640 - base_api.py:[51] - [INFO] - 读取YAML文件::./yaml_api/home_page.yaml::请求的接口名称::shopCarList::传入接口参数::{'token': 'e600c1b8306bb378df97149004ba03f7'}::接口请求参数api_datas::{'api': '/api/cart/lists', 'method': 'get', 'headers': {'token': 'e600c1b8306bb378df97149004ba03f7'}, 'params': None, 'data': None, 'json': None}
2021-07-18 16:53:21,788 - base_api.py:[54] - [INFO] - 接口::/api/cart/lists::响应数据为::{'status_code': 200, 'content': {'code': 1, 'msg': '', 'data': {'lists': [{'name': '晨光文具可削铅笔 六角2B 红黑抽条 木杆铅笔 儿童铅笔 AWP30804', 'goods_id': 4, 'g_status': 1, 'g_del': 0, 'spec_value_str': '默认', 'price': '7.00', 'goods_num': 2, 'selected': 1, 'cart_id': 118, 'item_id': 4, 'img': 'http://jc-mall1.oss-cn-shanghai.aliyuncs.com/uploads/images/20210527130912ba1a14913.png', 'cart_status': 0, 'sub_price': 14}], 'total_amount': 14, 'total_num': 2}, 'show': 0, 'time': '0.043400'}}
2021-07-18 16:53:21,794 - base_api.py:[51] - [INFO] - 读取YAML文件::./yaml_api/shopCar_page.yaml::请求的接口名称::cart_del::传入接口参数::{'token': 'e600c1b8306bb378df97149004ba03f7', 'cart_id': 118}::接口请求参数api_datas::{'api': '/api/cart/del', 'method': 'post', 'headers': {'token': 'e600c1b8306bb378df97149004ba03f7'}, 'params': None, 'data': None, 'json': {'cart_id': '118'}}
2021-07-18 16:53:21,928 - base_api.py:[54] - [INFO] - 接口::/api/cart/del::响应数据为::{'status_code': 200, 'content': {'code': 1, 'msg': '删除成功', 'data': [], 'show': 0, 'time': '0.044219'}}
2021-07-18 16:53:21,947 - base_api.py:[51] - [INFO] - 读取YAML文件::./yaml_api/home_page.yaml::请求的接口名称::shopCarList::传入接口参数::{'token': 'e600c1b8306bb378df97149004ba03f7'}::接口请求参数api_datas::{'api': '/api/cart/lists', 'method': 'get', 'headers': {'token': 'e600c1b8306bb378df97149004ba03f7'}, 'params': None, 'data': None, 'json': None}
2021-07-18 16:53:22,057 - base_api.py:[54] - [INFO] - 接口::/api/cart/lists::响应数据为::{'status_code': 200, 'content': {'code': 1, 'msg': '', 'data': {'lists': [], 'total_amount': 0, 'total_num': 0}, 'show': 0, 'time': '0.044456'}}
2021-07-18 16:53:22,174 - run.py:[19] - [INFO] - run_testCase::测试执行完毕，正在执行生成报告命令：allure generate ./result/ -o ./report/ --clean
2021-07-18 16:53:26,939 - zip_file.py:[19] - [INFO] - 文件：./report 压缩成功
2021-07-18 16:53:28,672 - run.py:[42] - [INFO] - 邮件发送成功，邮件标题：接口场景式自动化测试报告
2021-07-18 17:54:15,237 - run.py:[10] - [INFO] - run_testCase::正在执行测试命令：python3 -m pytest ./test/ -s -q --alluredir=./result/
2021-07-18 17:54:28,912 - run.py:[10] - [INFO] - run_testCase::正在执行测试命令：python -m pytest ./test/ -s -q --alluredir=./result/
2021-07-18 17:54:29,958 - base_api.py:[51] - [INFO] - 读取YAML文件::./yaml_api/registerlogin_page.yaml::请求的接口名称::login::传入接口参数::{'account': '15200000001', 'password': '111111.'}::接口请求参数api_datas::{'api': '/api/account/login', 'method': 'post', 'headers': None, 'params': None, 'data': None, 'json': {'account': '15200000001', 'password': '111111.', 'client': 5}}
2021-07-18 17:54:30,206 - base_api.py:[54] - [INFO] - 接口::/api/account/login::响应数据为::{'status_code': 200, 'content': {'code': 1, 'msg': '登录成功', 'data': {'id': 156, 'nickname': 'Jie', 'avatar': 'http://jc-mall1.oss-cn-shanghai.aliyuncs.com/uploads/images/2021052712154909b870403.png', 'level': 0, 'disable': 0, 'distribution_code': '7TZH6Z', 'token': '048d6f5f328d6ee00c95d9a18daaecef'}, 'show': 0, 'time': '0.052775'}}
2021-07-18 17:54:30,207 - test_shopCar.py:[14] - [INFO] - ############开始测试购物车接口逻辑############
2021-07-18 17:54:30,239 - base_api.py:[51] - [INFO] - 读取YAML文件::./yaml_api/registerlogin_page.yaml::请求的接口名称::login::传入接口参数::{'account': '15200000001', 'password': '111111.'}::接口请求参数api_datas::{'api': '/api/account/login', 'method': 'post', 'headers': None, 'params': None, 'data': None, 'json': {'account': '15200000001', 'password': '111111.', 'client': 5}}
2021-07-18 17:54:30,365 - base_api.py:[54] - [INFO] - 接口::/api/account/login::响应数据为::{'status_code': 200, 'content': {'code': 1, 'msg': '登录成功', 'data': {'id': 156, 'nickname': 'Jie', 'avatar': 'http://jc-mall1.oss-cn-shanghai.aliyuncs.com/uploads/images/2021052712154909b870403.png', 'level': 0, 'disable': 0, 'distribution_code': '7TZH6Z', 'token': '048d6f5f328d6ee00c95d9a18daaecef'}, 'show': 0, 'time': '0.050114'}}
2021-07-18 17:54:30,653 - base_api.py:[51] - [INFO] - 读取YAML文件::./yaml_api/registerlogin_page.yaml::请求的接口名称::login::传入接口参数::{'account': '15200000001', 'password': '1111111'}::接口请求参数api_datas::{'api': '/api/account/login', 'method': 'post', 'headers': None, 'params': None, 'data': None, 'json': {'account': '15200000001', 'password': '1111111', 'client': 5}}
2021-07-18 17:54:30,749 - base_api.py:[54] - [INFO] - 接口::/api/account/login::响应数据为::{'status_code': 200, 'content': {'code': 0, 'msg': '密码错误', 'data': [], 'show': 1, 'time': '0.031716'}}
2021-07-18 17:54:30,805 - test_shopCar.py:[18] - [INFO] - ************开始执行测试用例::test_addGoods_shopCar_01::把商品4加入购物车************
2021-07-18 17:54:30,812 - base_api.py:[51] - [INFO] - 读取YAML文件::./yaml_api/home_page.yaml::请求的接口名称::shopCarList::传入接口参数::{'token': '048d6f5f328d6ee00c95d9a18daaecef'}::接口请求参数api_datas::{'api': '/api/cart/lists', 'method': 'get', 'headers': {'token': '048d6f5f328d6ee00c95d9a18daaecef'}, 'params': None, 'data': None, 'json': None}
2021-07-18 17:54:30,903 - base_api.py:[54] - [INFO] - 接口::/api/cart/lists::响应数据为::{'status_code': 200, 'content': {'code': 1, 'msg': '', 'data': {'lists': [], 'total_amount': 0, 'total_num': 0}, 'show': 0, 'time': '0.031098'}}
2021-07-18 17:54:30,907 - base_api.py:[51] - [INFO] - 读取YAML文件::./yaml_api/goodsDetail_page.yaml::请求的接口名称::goodsDetail_cartAdd::传入接口参数::{'token': '048d6f5f328d6ee00c95d9a18daaecef', 'goodsId': 4}::接口请求参数api_datas::{'api': '/api/cart/add', 'method': 'post', 'headers': {'token': '048d6f5f328d6ee00c95d9a18daaecef'}, 'params': None, 'data': None, 'json': {'item_id': '4', 'goods_num': 1}}
2021-07-18 17:54:31,003 - base_api.py:[54] - [INFO] - 接口::/api/cart/add::响应数据为::{'status_code': 200, 'content': {'code': 1, 'msg': '加入成功', 'data': [], 'show': 0, 'time': '0.043151'}}
2021-07-18 17:54:31,008 - base_api.py:[51] - [INFO] - 读取YAML文件::./yaml_api/home_page.yaml::请求的接口名称::shopCarList::传入接口参数::{'token': '048d6f5f328d6ee00c95d9a18daaecef'}::接口请求参数api_datas::{'api': '/api/cart/lists', 'method': 'get', 'headers': {'token': '048d6f5f328d6ee00c95d9a18daaecef'}, 'params': None, 'data': None, 'json': None}
2021-07-18 17:54:31,096 - base_api.py:[54] - [INFO] - 接口::/api/cart/lists::响应数据为::{'status_code': 200, 'content': {'code': 1, 'msg': '', 'data': {'lists': [{'name': '晨光文具可削铅笔 六角2B 红黑抽条 木杆铅笔 儿童铅笔 AWP30804', 'goods_id': 4, 'g_status': 1, 'g_del': 0, 'spec_value_str': '默认', 'price': '7.00', 'goods_num': 1, 'selected': 1, 'cart_id': 123, 'item_id': 4, 'img': 'http://jc-mall1.oss-cn-shanghai.aliyuncs.com/uploads/images/20210527130912ba1a14913.png', 'cart_status': 0, 'sub_price': 7}], 'total_amount': 7, 'total_num': 1}, 'show': 0, 'time': '0.037272'}}
2021-07-18 17:54:31,148 - test_shopCar.py:[40] - [INFO] - ************开始执行测试用例::test_dellGoods_shopCar_02::把商品从购物车中删除************
2021-07-18 17:54:31,154 - base_api.py:[51] - [INFO] - 读取YAML文件::./yaml_api/goodsDetail_page.yaml::请求的接口名称::goodsDetail_cartAdd::传入接口参数::{'token': '048d6f5f328d6ee00c95d9a18daaecef', 'goodsId': 4}::接口请求参数api_datas::{'api': '/api/cart/add', 'method': 'post', 'headers': {'token': '048d6f5f328d6ee00c95d9a18daaecef'}, 'params': None, 'data': None, 'json': {'item_id': '4', 'goods_num': 1}}
2021-07-18 17:54:31,256 - base_api.py:[54] - [INFO] - 接口::/api/cart/add::响应数据为::{'status_code': 200, 'content': {'code': 1, 'msg': '加入成功', 'data': [], 'show': 0, 'time': '0.044825'}}
2021-07-18 17:54:31,262 - base_api.py:[51] - [INFO] - 读取YAML文件::./yaml_api/home_page.yaml::请求的接口名称::shopCarList::传入接口参数::{'token': '048d6f5f328d6ee00c95d9a18daaecef'}::接口请求参数api_datas::{'api': '/api/cart/lists', 'method': 'get', 'headers': {'token': '048d6f5f328d6ee00c95d9a18daaecef'}, 'params': None, 'data': None, 'json': None}
2021-07-18 17:54:31,363 - base_api.py:[54] - [INFO] - 接口::/api/cart/lists::响应数据为::{'status_code': 200, 'content': {'code': 1, 'msg': '', 'data': {'lists': [{'name': '晨光文具可削铅笔 六角2B 红黑抽条 木杆铅笔 儿童铅笔 AWP30804', 'goods_id': 4, 'g_status': 1, 'g_del': 0, 'spec_value_str': '默认', 'price': '7.00', 'goods_num': 2, 'selected': 1, 'cart_id': 123, 'item_id': 4, 'img': 'http://jc-mall1.oss-cn-shanghai.aliyuncs.com/uploads/images/20210527130912ba1a14913.png', 'cart_status': 0, 'sub_price': 14}], 'total_amount': 14, 'total_num': 2}, 'show': 0, 'time': '0.036579'}}
2021-07-18 17:54:31,365 - base_api.py:[51] - [INFO] - 读取YAML文件::./yaml_api/shopCar_page.yaml::请求的接口名称::cart_del::传入接口参数::{'token': '048d6f5f328d6ee00c95d9a18daaecef', 'cart_id': 123}::接口请求参数api_datas::{'api': '/api/cart/del', 'method': 'post', 'headers': {'token': '048d6f5f328d6ee00c95d9a18daaecef'}, 'params': None, 'data': None, 'json': {'cart_id': '123'}}
2021-07-18 17:54:31,454 - base_api.py:[54] - [INFO] - 接口::/api/cart/del::响应数据为::{'status_code': 200, 'content': {'code': 1, 'msg': '删除成功', 'data': [], 'show': 0, 'time': '0.037131'}}
2021-07-18 17:54:31,459 - base_api.py:[51] - [INFO] - 读取YAML文件::./yaml_api/home_page.yaml::请求的接口名称::shopCarList::传入接口参数::{'token': '048d6f5f328d6ee00c95d9a18daaecef'}::接口请求参数api_datas::{'api': '/api/cart/lists', 'method': 'get', 'headers': {'token': '048d6f5f328d6ee00c95d9a18daaecef'}, 'params': None, 'data': None, 'json': None}
2021-07-18 17:54:31,546 - base_api.py:[54] - [INFO] - 接口::/api/cart/lists::响应数据为::{'status_code': 200, 'content': {'code': 1, 'msg': '', 'data': {'lists': [], 'total_amount': 0, 'total_num': 0}, 'show': 0, 'time': '0.031047'}}
2021-07-18 17:54:31,637 - run.py:[19] - [INFO] - run_testCase::测试执行完毕，正在执行生成报告命令：allure generate ./result/ -o ./report/ --clean
2021-07-18 17:54:36,469 - zip_file.py:[19] - [INFO] - 文件：./report 压缩成功
2021-07-18 17:54:38,315 - run.py:[42] - [INFO] - 邮件发送成功，邮件标题：接口场景式自动化测试报告
