2021-07-19 17:31:29,021 - run.py:[10] - [INFO] - run_testCase::正在执行测试命令：python -m pytest ./test/ -s -q --alluredir=./result/
2021-07-19 17:32:52,334 - run.py:[10] - [INFO] - run_testCase::正在执行测试命令：python -m pytest ./test/ -s -q --alluredir=./result/
2021-07-19 17:37:26,530 - run.py:[10] - [INFO] - run_testCase::正在执行测试命令：python -m pytest ./test/ -s -q --alluredir=./result/
2021-07-19 17:38:17,878 - run.py:[10] - [INFO] - run_testCase::正在执行测试命令：python -m pytest ./test/ -s -q --alluredir=./result/
2021-07-19 17:40:11,328 - run.py:[10] - [INFO] - run_testCase::正在执行测试命令：python -m pytest ./test/ -s -q --alluredir=./result/
2021-07-19 17:45:50,290 - run.py:[10] - [INFO] - run_testCase::正在执行测试命令：python -m pytest ./test/ -s -q --alluredir=./result/
2021-07-19 17:50:16,302 - run.py:[10] - [INFO] - run_testCase::正在执行测试命令：python -m pytest ./test/ -s -q --alluredir=./result/
2021-07-19 17:50:17,569 - test_order.py:[13] - [INFO] - ############开始测试订单逻辑############
2021-07-19 17:50:17,579 - test_shopCar.py:[11] - [INFO] - ############开始测试购物车接口逻辑############
2021-07-19 17:50:17,619 - base_api.py:[51] - [INFO] - 读取YAML文件::./yaml_api/registerlogin_page.yaml::请求的接口名称::login::传入接口参数::{'account': '15200000001', 'password': '111111.'}::接口请求参数api_datas::{'api': '/api/account/login', 'method': 'post', 'headers': None, 'params': None, 'data': None, 'json': {'account': '15200000001', 'password': '111111.', 'client': 5}}
2021-07-19 17:50:18,051 - base_api.py:[54] - [INFO] - 接口::/api/account/login::响应数据为::{'status_code': 200, 'content': {'code': 1, 'msg': '登录成功', 'data': {'id': 156, 'nickname': 'Jie', 'avatar': 'http://jc-mall1.oss-cn-shanghai.aliyuncs.com/uploads/images/2021052712154909b870403.png', 'level': 0, 'disable': 0, 'distribution_code': '7TZH6Z', 'token': '50b2d415a942907cd7635268509b8f29'}, 'show': 0, 'time': '0.054636'}}
2021-07-19 17:50:18,451 - base_api.py:[51] - [INFO] - 读取YAML文件::./yaml_api/registerlogin_page.yaml::请求的接口名称::register::传入接口参数::{'mobile': '15200000001', 'password': '1111111'}::接口请求参数api_datas::{'api': '/api/account/register', 'method': 'post', 'headers': None, 'params': None, 'data': None, 'json': {'mobile': '15200000001', 'password': '1111111', 'code': '', 'client': 5}}
2021-07-19 17:50:18,577 - base_api.py:[54] - [INFO] - 接口::/api/account/register::响应数据为::{'status_code': 200, 'content': {'code': 0, 'msg': '此手机号已被使用', 'data': '', 'show': 1, 'time': '0.031774'}}
2021-07-19 17:50:18,671 - test_order.py:[17] - [INFO] - ************开始执行测试用例::test_payOrder_01::购买商品4生成订单************
2021-07-19 17:50:18,676 - base_api.py:[51] - [INFO] - 读取YAML文件::./yaml_api/registerlogin_page.yaml::请求的接口名称::login::传入接口参数::{'account': '15200000001', 'password': '111111.'}::接口请求参数api_datas::{'api': '/api/account/login', 'method': 'post', 'headers': None, 'params': None, 'data': None, 'json': {'account': '15200000001', 'password': '111111.', 'client': 5}}
2021-07-19 17:50:18,944 - base_api.py:[54] - [INFO] - 接口::/api/account/login::响应数据为::{'status_code': 200, 'content': {'code': 1, 'msg': '登录成功', 'data': {'id': 156, 'nickname': 'Jie', 'avatar': 'http://jc-mall1.oss-cn-shanghai.aliyuncs.com/uploads/images/2021052712154909b870403.png', 'level': 0, 'disable': 0, 'distribution_code': '7TZH6Z', 'token': '0c2dff6ea8bde5ba713e7048b6856f2d'}, 'show': 0, 'time': '0.097806'}}
2021-07-19 17:50:18,992 - base_api.py:[51] - [INFO] - 读取YAML文件::./yaml_api/confirmOrder_page.yaml::请求的接口名称::confirmOrder_buy::传入接口参数::{'token': None, 'goodsId': 4}::接口请求参数api_datas::{'api': '/api/order/buy', 'method': 'post', 'headers': {'token': 'None'}, 'params': None, 'data': None, 'json': {'action': 'submit', 'goods': [{'item_id': '4', 'num': 1}], 'use_integral': 0, 'address_id': '', 'remark': ''}}
2021-07-19 17:50:19,158 - base_api.py:[54] - [INFO] - 接口::/api/order/buy::响应数据为::{'status_code': 200, 'content': {'code': -1, 'msg': '会话失效，请重新登录', 'data': [], 'show': 1, 'time': '0.067947'}}
2021-07-19 17:50:19,206 - test_shopCar.py:[15] - [INFO] - ************开始执行测试用例::test_addGoods_shopCar_01::把商品4加入购物车************
2021-07-19 17:50:19,215 - base_api.py:[51] - [INFO] - 读取YAML文件::./yaml_api/registerlogin_page.yaml::请求的接口名称::login::传入接口参数::{'account': '15200000001', 'password': '111111.'}::接口请求参数api_datas::{'api': '/api/account/login', 'method': 'post', 'headers': None, 'params': None, 'data': None, 'json': {'account': '15200000001', 'password': '111111.', 'client': 5}}
2021-07-19 17:50:19,365 - base_api.py:[54] - [INFO] - 接口::/api/account/login::响应数据为::{'status_code': 200, 'content': {'code': 1, 'msg': '登录成功', 'data': {'id': 156, 'nickname': 'Jie', 'avatar': 'http://jc-mall1.oss-cn-shanghai.aliyuncs.com/uploads/images/2021052712154909b870403.png', 'level': 0, 'disable': 0, 'distribution_code': '7TZH6Z', 'token': '0c2dff6ea8bde5ba713e7048b6856f2d'}, 'show': 0, 'time': '0.065479'}}
2021-07-19 17:50:19,403 - base_api.py:[51] - [INFO] - 读取YAML文件::./yaml_api/home_page.yaml::请求的接口名称::shopCarList::传入接口参数::{'token': None}::接口请求参数api_datas::{'api': '/api/cart/lists', 'method': 'get', 'headers': {'token': 'None'}, 'params': None, 'data': None, 'json': None}
2021-07-19 17:50:19,506 - base_api.py:[54] - [INFO] - 接口::/api/cart/lists::响应数据为::{'status_code': 200, 'content': {'code': -1, 'msg': '会话失效，请重新登录', 'data': [], 'show': 1, 'time': '0.031026'}}
2021-07-19 17:50:19,547 - test_shopCar.py:[37] - [INFO] - ************开始执行测试用例::test_dellGoods_shopCar_02::把商品从购物车中删除************
2021-07-19 17:50:19,562 - base_api.py:[51] - [INFO] - 读取YAML文件::./yaml_api/registerlogin_page.yaml::请求的接口名称::login::传入接口参数::{'account': '15200000001', 'password': '111111.'}::接口请求参数api_datas::{'api': '/api/account/login', 'method': 'post', 'headers': None, 'params': None, 'data': None, 'json': {'account': '15200000001', 'password': '111111.', 'client': 5}}
2021-07-19 17:50:19,681 - base_api.py:[54] - [INFO] - 接口::/api/account/login::响应数据为::{'status_code': 200, 'content': {'code': 1, 'msg': '登录成功', 'data': {'id': 156, 'nickname': 'Jie', 'avatar': 'http://jc-mall1.oss-cn-shanghai.aliyuncs.com/uploads/images/2021052712154909b870403.png', 'level': 0, 'disable': 0, 'distribution_code': '7TZH6Z', 'token': '0c2dff6ea8bde5ba713e7048b6856f2d'}, 'show': 0, 'time': '0.057009'}}
2021-07-19 17:50:19,682 - base_api.py:[57] - [ERROR] - 读取YAML文件::0c2dff6ea8bde5ba713e7048b6856f2d出错::[Errno 2] No such file or directory: '0c2dff6ea8bde5ba713e7048b6856f2d'
2021-07-19 17:50:19,687 - base_api.py:[51] - [INFO] - 读取YAML文件::./yaml_api/registerlogin_page.yaml::请求的接口名称::login::传入接口参数::{'account': '15200000001', 'password': '111111.'}::接口请求参数api_datas::{'api': '/api/account/login', 'method': 'post', 'headers': None, 'params': None, 'data': None, 'json': {'account': '15200000001', 'password': '111111.', 'client': 5}}
2021-07-19 17:50:19,812 - base_api.py:[54] - [INFO] - 接口::/api/account/login::响应数据为::{'status_code': 200, 'content': {'code': 1, 'msg': '登录成功', 'data': {'id': 156, 'nickname': 'Jie', 'avatar': 'http://jc-mall1.oss-cn-shanghai.aliyuncs.com/uploads/images/2021052712154909b870403.png', 'level': 0, 'disable': 0, 'distribution_code': '7TZH6Z', 'token': '0c2dff6ea8bde5ba713e7048b6856f2d'}, 'show': 0, 'time': '0.052113'}}
2021-07-19 17:50:19,832 - base_api.py:[51] - [INFO] - 读取YAML文件::./yaml_api/home_page.yaml::请求的接口名称::shopCarList::传入接口参数::{'token': None}::接口请求参数api_datas::{'api': '/api/cart/lists', 'method': 'get', 'headers': {'token': 'None'}, 'params': None, 'data': None, 'json': None}
2021-07-19 17:50:19,968 - base_api.py:[54] - [INFO] - 接口::/api/cart/lists::响应数据为::{'status_code': 200, 'content': {'code': -1, 'msg': '会话失效，请重新登录', 'data': [], 'show': 1, 'time': '0.030347'}}
2021-07-19 17:50:27,593 - run.py:[10] - [INFO] - run_testCase::正在执行测试命令：python -m pytest ./test/ -s -q --alluredir=./result/
2021-07-19 17:50:28,664 - test_order.py:[13] - [INFO] - ############开始测试订单逻辑############
2021-07-19 17:50:28,669 - test_shopCar.py:[11] - [INFO] - ############开始测试购物车接口逻辑############
2021-07-19 17:50:28,677 - base_api.py:[51] - [INFO] - 读取YAML文件::./yaml_api/registerlogin_page.yaml::请求的接口名称::login::传入接口参数::{'account': '15200000001', 'password': '111111.'}::接口请求参数api_datas::{'api': '/api/account/login', 'method': 'post', 'headers': None, 'params': None, 'data': None, 'json': {'account': '15200000001', 'password': '111111.', 'client': 5}}
2021-07-19 17:50:28,824 - base_api.py:[54] - [INFO] - 接口::/api/account/login::响应数据为::{'status_code': 200, 'content': {'code': 1, 'msg': '登录成功', 'data': {'id': 156, 'nickname': 'Jie', 'avatar': 'http://jc-mall1.oss-cn-shanghai.aliyuncs.com/uploads/images/2021052712154909b870403.png', 'level': 0, 'disable': 0, 'distribution_code': '7TZH6Z', 'token': '8f89126d55b34b0ea6f98a48be80fb98'}, 'show': 0, 'time': '0.050649'}}
2021-07-19 17:50:29,279 - base_api.py:[51] - [INFO] - 读取YAML文件::./yaml_api/registerlogin_page.yaml::请求的接口名称::register::传入接口参数::{'mobile': '15200000001', 'password': '1111111'}::接口请求参数api_datas::{'api': '/api/account/register', 'method': 'post', 'headers': None, 'params': None, 'data': None, 'json': {'mobile': '15200000001', 'password': '1111111', 'code': '', 'client': 5}}
2021-07-19 17:50:29,454 - base_api.py:[54] - [INFO] - 接口::/api/account/register::响应数据为::{'status_code': 200, 'content': {'code': 0, 'msg': '此手机号已被使用', 'data': '', 'show': 1, 'time': '0.047289'}}
2021-07-19 17:50:29,507 - test_order.py:[17] - [INFO] - ************开始执行测试用例::test_payOrder_01::购买商品4生成订单************
2021-07-19 17:50:29,512 - base_api.py:[51] - [INFO] - 读取YAML文件::./yaml_api/registerlogin_page.yaml::请求的接口名称::login::传入接口参数::{'account': '15200000001', 'password': '111111.'}::接口请求参数api_datas::{'api': '/api/account/login', 'method': 'post', 'headers': None, 'params': None, 'data': None, 'json': {'account': '15200000001', 'password': '111111.', 'client': 5}}
2021-07-19 17:50:29,654 - base_api.py:[54] - [INFO] - 接口::/api/account/login::响应数据为::{'status_code': 200, 'content': {'code': 1, 'msg': '登录成功', 'data': {'id': 156, 'nickname': 'Jie', 'avatar': 'http://jc-mall1.oss-cn-shanghai.aliyuncs.com/uploads/images/2021052712154909b870403.png', 'level': 0, 'disable': 0, 'distribution_code': '7TZH6Z', 'token': 'e1bb6b24060d796e55e21b9051fc2fd9'}, 'show': 0, 'time': '0.059162'}}
2021-07-19 17:50:29,688 - base_api.py:[51] - [INFO] - 读取YAML文件::./yaml_api/confirmOrder_page.yaml::请求的接口名称::confirmOrder_buy::传入接口参数::{'token': None, 'goodsId': 4}::接口请求参数api_datas::{'api': '/api/order/buy', 'method': 'post', 'headers': {'token': 'None'}, 'params': None, 'data': None, 'json': {'action': 'submit', 'goods': [{'item_id': '4', 'num': 1}], 'use_integral': 0, 'address_id': '', 'remark': ''}}
2021-07-19 17:50:29,861 - base_api.py:[54] - [INFO] - 接口::/api/order/buy::响应数据为::{'status_code': 200, 'content': {'code': -1, 'msg': '会话失效，请重新登录', 'data': [], 'show': 1, 'time': '0.068034'}}
2021-07-19 17:50:29,908 - test_shopCar.py:[15] - [INFO] - ************开始执行测试用例::test_addGoods_shopCar_01::把商品4加入购物车************
2021-07-19 17:50:29,916 - base_api.py:[51] - [INFO] - 读取YAML文件::./yaml_api/registerlogin_page.yaml::请求的接口名称::login::传入接口参数::{'account': '15200000001', 'password': '111111.'}::接口请求参数api_datas::{'api': '/api/account/login', 'method': 'post', 'headers': None, 'params': None, 'data': None, 'json': {'account': '15200000001', 'password': '111111.', 'client': 5}}
2021-07-19 17:50:30,084 - base_api.py:[54] - [INFO] - 接口::/api/account/login::响应数据为::{'status_code': 200, 'content': {'code': 1, 'msg': '登录成功', 'data': {'id': 156, 'nickname': 'Jie', 'avatar': 'http://jc-mall1.oss-cn-shanghai.aliyuncs.com/uploads/images/2021052712154909b870403.png', 'level': 0, 'disable': 0, 'distribution_code': '7TZH6Z', 'token': '4d323705ddd16023bc87ab4a36289f36'}, 'show': 0, 'time': '0.068233'}}
2021-07-19 17:50:30,092 - base_api.py:[51] - [INFO] - 读取YAML文件::./yaml_api/home_page.yaml::请求的接口名称::shopCarList::传入接口参数::{'token': None}::接口请求参数api_datas::{'api': '/api/cart/lists', 'method': 'get', 'headers': {'token': 'None'}, 'params': None, 'data': None, 'json': None}
2021-07-19 17:50:30,192 - base_api.py:[54] - [INFO] - 接口::/api/cart/lists::响应数据为::{'status_code': 200, 'content': {'code': -1, 'msg': '会话失效，请重新登录', 'data': [], 'show': 1, 'time': '0.030607'}}
2021-07-19 17:50:30,224 - test_shopCar.py:[37] - [INFO] - ************开始执行测试用例::test_dellGoods_shopCar_02::把商品从购物车中删除************
2021-07-19 17:50:30,243 - base_api.py:[51] - [INFO] - 读取YAML文件::./yaml_api/registerlogin_page.yaml::请求的接口名称::login::传入接口参数::{'account': '15200000001', 'password': '111111.'}::接口请求参数api_datas::{'api': '/api/account/login', 'method': 'post', 'headers': None, 'params': None, 'data': None, 'json': {'account': '15200000001', 'password': '111111.', 'client': 5}}
2021-07-19 17:50:30,380 - base_api.py:[54] - [INFO] - 接口::/api/account/login::响应数据为::{'status_code': 200, 'content': {'code': 1, 'msg': '登录成功', 'data': {'id': 156, 'nickname': 'Jie', 'avatar': 'http://jc-mall1.oss-cn-shanghai.aliyuncs.com/uploads/images/2021052712154909b870403.png', 'level': 0, 'disable': 0, 'distribution_code': '7TZH6Z', 'token': '4d323705ddd16023bc87ab4a36289f36'}, 'show': 0, 'time': '0.054462'}}
2021-07-19 17:50:30,382 - base_api.py:[57] - [ERROR] - 读取YAML文件::4d323705ddd16023bc87ab4a36289f36出错::[Errno 2] No such file or directory: '4d323705ddd16023bc87ab4a36289f36'
2021-07-19 17:50:30,415 - base_api.py:[51] - [INFO] - 读取YAML文件::./yaml_api/registerlogin_page.yaml::请求的接口名称::login::传入接口参数::{'account': '15200000001', 'password': '111111.'}::接口请求参数api_datas::{'api': '/api/account/login', 'method': 'post', 'headers': None, 'params': None, 'data': None, 'json': {'account': '15200000001', 'password': '111111.', 'client': 5}}
2021-07-19 17:50:30,545 - base_api.py:[54] - [INFO] - 接口::/api/account/login::响应数据为::{'status_code': 200, 'content': {'code': 1, 'msg': '登录成功', 'data': {'id': 156, 'nickname': 'Jie', 'avatar': 'http://jc-mall1.oss-cn-shanghai.aliyuncs.com/uploads/images/2021052712154909b870403.png', 'level': 0, 'disable': 0, 'distribution_code': '7TZH6Z', 'token': '4d323705ddd16023bc87ab4a36289f36'}, 'show': 0, 'time': '0.051974'}}
2021-07-19 17:50:30,551 - base_api.py:[51] - [INFO] - 读取YAML文件::./yaml_api/home_page.yaml::请求的接口名称::shopCarList::传入接口参数::{'token': None}::接口请求参数api_datas::{'api': '/api/cart/lists', 'method': 'get', 'headers': {'token': 'None'}, 'params': None, 'data': None, 'json': None}
2021-07-19 17:50:30,647 - base_api.py:[54] - [INFO] - 接口::/api/cart/lists::响应数据为::{'status_code': 200, 'content': {'code': -1, 'msg': '会话失效，请重新登录', 'data': [], 'show': 1, 'time': '0.032060'}}
2021-07-19 17:59:27,953 - run.py:[10] - [INFO] - run_testCase::正在执行测试命令：python -m pytest ./test/ -s -q --alluredir=./result/
2021-07-19 17:59:29,004 - test_order.py:[13] - [INFO] - ############开始测试订单逻辑############
2021-07-19 17:59:29,009 - test_shopCar.py:[11] - [INFO] - ############开始测试购物车接口逻辑############
2021-07-19 17:59:29,017 - base_api.py:[51] - [INFO] - 读取YAML文件::./yaml_api/registerlogin_page.yaml::请求的接口名称::login::传入接口参数::{'account': '15200000001', 'password': '111111.'}::接口请求参数api_datas::{'api': '/api/account/login', 'method': 'post', 'headers': None, 'params': None, 'data': None, 'json': {'account': '15200000001', 'password': '111111.', 'client': 5}}
2021-07-19 17:59:29,170 - base_api.py:[54] - [INFO] - 接口::/api/account/login::响应数据为::{'status_code': 200, 'content': {'code': 1, 'msg': '登录成功', 'data': {'id': 156, 'nickname': 'Jie', 'avatar': 'http://jc-mall1.oss-cn-shanghai.aliyuncs.com/uploads/images/2021052712154909b870403.png', 'level': 0, 'disable': 0, 'distribution_code': '7TZH6Z', 'token': 'bfa763f25b7276b50f3b9179d02b93a3'}, 'show': 0, 'time': '0.051869'}}
2021-07-19 17:59:29,618 - base_api.py:[51] - [INFO] - 读取YAML文件::./yaml_api/registerlogin_page.yaml::请求的接口名称::register::传入接口参数::{'mobile': '15200000001', 'password': '1111111'}::接口请求参数api_datas::{'api': '/api/account/register', 'method': 'post', 'headers': None, 'params': None, 'data': None, 'json': {'mobile': '15200000001', 'password': '1111111', 'code': '', 'client': 5}}
2021-07-19 17:59:29,770 - base_api.py:[54] - [INFO] - 接口::/api/account/register::响应数据为::{'status_code': 200, 'content': {'code': 0, 'msg': '此手机号已被使用', 'data': '', 'show': 1, 'time': '0.046992'}}
2021-07-19 17:59:29,824 - test_order.py:[17] - [INFO] - ************开始执行测试用例::test_payOrder_01::购买商品4生成订单************
2021-07-19 17:59:29,829 - base_api.py:[51] - [INFO] - 读取YAML文件::./yaml_api/registerlogin_page.yaml::请求的接口名称::login::传入接口参数::{'account': '15200000001', 'password': '111111.'}::接口请求参数api_datas::{'api': '/api/account/login', 'method': 'post', 'headers': None, 'params': None, 'data': None, 'json': {'account': '15200000001', 'password': '111111.', 'client': 5}}
2021-07-19 17:59:29,991 - base_api.py:[54] - [INFO] - 接口::/api/account/login::响应数据为::{'status_code': 200, 'content': {'code': 1, 'msg': '登录成功', 'data': {'id': 156, 'nickname': 'Jie', 'avatar': 'http://jc-mall1.oss-cn-shanghai.aliyuncs.com/uploads/images/2021052712154909b870403.png', 'level': 0, 'disable': 0, 'distribution_code': '7TZH6Z', 'token': '22c02dab0c8eb3699f5efa92cfac91d2'}, 'show': 0, 'time': '0.052738'}}
2021-07-19 17:59:29,992 - base_op.py:[17] - [INFO] - get_token获取到的token为::22c02dab0c8eb3699f5efa92cfac91d2
2021-07-19 17:59:30,023 - base_api.py:[51] - [INFO] - 读取YAML文件::./yaml_api/confirmOrder_page.yaml::请求的接口名称::confirmOrder_buy::传入接口参数::{'token': None, 'goodsId': 4}::接口请求参数api_datas::{'api': '/api/order/buy', 'method': 'post', 'headers': {'token': 'None'}, 'params': None, 'data': None, 'json': {'action': 'submit', 'goods': [{'item_id': '4', 'num': 1}], 'use_integral': 0, 'address_id': '', 'remark': ''}}
2021-07-19 17:59:30,192 - base_api.py:[54] - [INFO] - 接口::/api/order/buy::响应数据为::{'status_code': 200, 'content': {'code': -1, 'msg': '会话失效，请重新登录', 'data': [], 'show': 1, 'time': '0.030204'}}
2021-07-19 17:59:30,206 - test_shopCar.py:[15] - [INFO] - ************开始执行测试用例::test_addGoods_shopCar_01::把商品4加入购物车************
2021-07-19 17:59:30,211 - base_api.py:[51] - [INFO] - 读取YAML文件::./yaml_api/registerlogin_page.yaml::请求的接口名称::login::传入接口参数::{'account': '15200000001', 'password': '111111.'}::接口请求参数api_datas::{'api': '/api/account/login', 'method': 'post', 'headers': None, 'params': None, 'data': None, 'json': {'account': '15200000001', 'password': '111111.', 'client': 5}}
2021-07-19 17:59:30,350 - base_api.py:[54] - [INFO] - 接口::/api/account/login::响应数据为::{'status_code': 200, 'content': {'code': 1, 'msg': '登录成功', 'data': {'id': 156, 'nickname': 'Jie', 'avatar': 'http://jc-mall1.oss-cn-shanghai.aliyuncs.com/uploads/images/2021052712154909b870403.png', 'level': 0, 'disable': 0, 'distribution_code': '7TZH6Z', 'token': '22c02dab0c8eb3699f5efa92cfac91d2'}, 'show': 0, 'time': '0.051130'}}
2021-07-19 17:59:30,351 - base_op.py:[17] - [INFO] - get_token获取到的token为::22c02dab0c8eb3699f5efa92cfac91d2
2021-07-19 17:59:30,358 - base_api.py:[51] - [INFO] - 读取YAML文件::./yaml_api/home_page.yaml::请求的接口名称::shopCarList::传入接口参数::{'token': None}::接口请求参数api_datas::{'api': '/api/cart/lists', 'method': 'get', 'headers': {'token': 'None'}, 'params': None, 'data': None, 'json': None}
2021-07-19 17:59:30,475 - base_api.py:[54] - [INFO] - 接口::/api/cart/lists::响应数据为::{'status_code': 200, 'content': {'code': -1, 'msg': '会话失效，请重新登录', 'data': [], 'show': 1, 'time': '0.035126'}}
2021-07-19 17:59:30,513 - test_shopCar.py:[37] - [INFO] - ************开始执行测试用例::test_dellGoods_shopCar_02::把商品从购物车中删除************
2021-07-19 17:59:30,524 - base_api.py:[51] - [INFO] - 读取YAML文件::./yaml_api/registerlogin_page.yaml::请求的接口名称::login::传入接口参数::{'account': '15200000001', 'password': '111111.'}::接口请求参数api_datas::{'api': '/api/account/login', 'method': 'post', 'headers': None, 'params': None, 'data': None, 'json': {'account': '15200000001', 'password': '111111.', 'client': 5}}
2021-07-19 17:59:30,656 - base_api.py:[54] - [INFO] - 接口::/api/account/login::响应数据为::{'status_code': 200, 'content': {'code': 1, 'msg': '登录成功', 'data': {'id': 156, 'nickname': 'Jie', 'avatar': 'http://jc-mall1.oss-cn-shanghai.aliyuncs.com/uploads/images/2021052712154909b870403.png', 'level': 0, 'disable': 0, 'distribution_code': '7TZH6Z', 'token': '22c02dab0c8eb3699f5efa92cfac91d2'}, 'show': 0, 'time': '0.054369'}}
2021-07-19 17:59:30,657 - base_op.py:[17] - [INFO] - get_token获取到的token为::22c02dab0c8eb3699f5efa92cfac91d2
2021-07-19 17:59:30,658 - base_api.py:[57] - [ERROR] - 读取YAML文件::22c02dab0c8eb3699f5efa92cfac91d2出错::[Errno 2] No such file or directory: '22c02dab0c8eb3699f5efa92cfac91d2'
2021-07-19 17:59:30,662 - base_api.py:[51] - [INFO] - 读取YAML文件::./yaml_api/registerlogin_page.yaml::请求的接口名称::login::传入接口参数::{'account': '15200000001', 'password': '111111.'}::接口请求参数api_datas::{'api': '/api/account/login', 'method': 'post', 'headers': None, 'params': None, 'data': None, 'json': {'account': '15200000001', 'password': '111111.', 'client': 5}}
2021-07-19 17:59:30,791 - base_api.py:[54] - [INFO] - 接口::/api/account/login::响应数据为::{'status_code': 200, 'content': {'code': 1, 'msg': '登录成功', 'data': {'id': 156, 'nickname': 'Jie', 'avatar': 'http://jc-mall1.oss-cn-shanghai.aliyuncs.com/uploads/images/2021052712154909b870403.png', 'level': 0, 'disable': 0, 'distribution_code': '7TZH6Z', 'token': '22c02dab0c8eb3699f5efa92cfac91d2'}, 'show': 0, 'time': '0.048847'}}
2021-07-19 17:59:30,793 - base_op.py:[17] - [INFO] - get_token获取到的token为::22c02dab0c8eb3699f5efa92cfac91d2
2021-07-19 17:59:30,823 - base_api.py:[51] - [INFO] - 读取YAML文件::./yaml_api/home_page.yaml::请求的接口名称::shopCarList::传入接口参数::{'token': None}::接口请求参数api_datas::{'api': '/api/cart/lists', 'method': 'get', 'headers': {'token': 'None'}, 'params': None, 'data': None, 'json': None}
2021-07-19 17:59:30,967 - base_api.py:[54] - [INFO] - 接口::/api/cart/lists::响应数据为::{'status_code': 200, 'content': {'code': -1, 'msg': '会话失效，请重新登录', 'data': [], 'show': 1, 'time': '0.032001'}}
2021-07-19 18:04:37,354 - run.py:[10] - [INFO] - run_testCase::正在执行测试命令：python -m pytest ./test/ -s -q --alluredir=./result/
2021-07-19 18:04:38,401 - test_order.py:[13] - [INFO] - ############开始测试订单逻辑############
2021-07-19 18:04:38,405 - test_shopCar.py:[11] - [INFO] - ############开始测试购物车接口逻辑############
2021-07-19 18:04:38,413 - base_api.py:[51] - [INFO] - 读取YAML文件::./yaml_api/registerlogin_page.yaml::请求的接口名称::login::传入接口参数::{'account': '15200000001', 'password': '111111.'}::接口请求参数api_datas::{'api': '/api/account/login', 'method': 'post', 'headers': None, 'params': None, 'data': None, 'json': {'account': '15200000001', 'password': '111111.', 'client': 5}}
2021-07-19 18:04:38,589 - base_api.py:[54] - [INFO] - 接口::/api/account/login::响应数据为::{'status_code': 200, 'content': {'code': 1, 'msg': '登录成功', 'data': {'id': 156, 'nickname': 'Jie', 'avatar': 'http://jc-mall1.oss-cn-shanghai.aliyuncs.com/uploads/images/2021052712154909b870403.png', 'level': 0, 'disable': 0, 'distribution_code': '7TZH6Z', 'token': '4dd8853185be7c478ee4162db5c1e1cc'}, 'show': 0, 'time': '0.052550'}}
2021-07-19 18:04:39,012 - base_api.py:[51] - [INFO] - 读取YAML文件::./yaml_api/registerlogin_page.yaml::请求的接口名称::register::传入接口参数::{'mobile': '15200000001', 'password': '1111111'}::接口请求参数api_datas::{'api': '/api/account/register', 'method': 'post', 'headers': None, 'params': None, 'data': None, 'json': {'mobile': '15200000001', 'password': '1111111', 'code': '', 'client': 5}}
2021-07-19 18:04:39,177 - base_api.py:[54] - [INFO] - 接口::/api/account/register::响应数据为::{'status_code': 200, 'content': {'code': 0, 'msg': '此手机号已被使用', 'data': '', 'show': 1, 'time': '0.031659'}}
2021-07-19 18:04:39,257 - test_order.py:[17] - [INFO] - ************开始执行测试用例::test_payOrder_01::购买商品4生成订单************
2021-07-19 18:04:39,263 - base_api.py:[51] - [INFO] - 读取YAML文件::./yaml_api/registerlogin_page.yaml::请求的接口名称::login::传入接口参数::{'account': '15200000001', 'password': '111111.'}::接口请求参数api_datas::{'api': '/api/account/login', 'method': 'post', 'headers': None, 'params': None, 'data': None, 'json': {'account': '15200000001', 'password': '111111.', 'client': 5}}
2021-07-19 18:04:39,505 - base_api.py:[54] - [INFO] - 接口::/api/account/login::响应数据为::{'status_code': 200, 'content': {'code': 1, 'msg': '登录成功', 'data': {'id': 156, 'nickname': 'Jie', 'avatar': 'http://jc-mall1.oss-cn-shanghai.aliyuncs.com/uploads/images/2021052712154909b870403.png', 'level': 0, 'disable': 0, 'distribution_code': '7TZH6Z', 'token': '06ff6966df216c183c42bb6419a1a8c6'}, 'show': 0, 'time': '0.107434'}}
2021-07-19 18:04:39,507 - base_op.py:[17] - [INFO] - get_token获取到的token为::06ff6966df216c183c42bb6419a1a8c6
2021-07-19 18:04:39,510 - base_api.py:[57] - [ERROR] - 读取YAML文件::06ff6966df216c183c42bb6419a1a8c6出错::[Errno 2] No such file or directory: '06ff6966df216c183c42bb6419a1a8c6'
2021-07-19 18:04:39,551 - test_shopCar.py:[15] - [INFO] - ************开始执行测试用例::test_addGoods_shopCar_01::把商品4加入购物车************
2021-07-19 18:04:39,560 - base_api.py:[51] - [INFO] - 读取YAML文件::./yaml_api/registerlogin_page.yaml::请求的接口名称::login::传入接口参数::{'account': '15200000001', 'password': '111111.'}::接口请求参数api_datas::{'api': '/api/account/login', 'method': 'post', 'headers': None, 'params': None, 'data': None, 'json': {'account': '15200000001', 'password': '111111.', 'client': 5}}
2021-07-19 18:04:39,761 - base_api.py:[54] - [INFO] - 接口::/api/account/login::响应数据为::{'status_code': 200, 'content': {'code': 1, 'msg': '登录成功', 'data': {'id': 156, 'nickname': 'Jie', 'avatar': 'http://jc-mall1.oss-cn-shanghai.aliyuncs.com/uploads/images/2021052712154909b870403.png', 'level': 0, 'disable': 0, 'distribution_code': '7TZH6Z', 'token': '06ff6966df216c183c42bb6419a1a8c6'}, 'show': 0, 'time': '0.053504'}}
2021-07-19 18:04:39,762 - base_op.py:[17] - [INFO] - get_token获取到的token为::06ff6966df216c183c42bb6419a1a8c6
2021-07-19 18:04:39,787 - base_api.py:[51] - [INFO] - 读取YAML文件::./yaml_api/home_page.yaml::请求的接口名称::shopCarList::传入接口参数::{'token': None}::接口请求参数api_datas::{'api': '/api/cart/lists', 'method': 'get', 'headers': {'token': 'None'}, 'params': None, 'data': None, 'json': None}
2021-07-19 18:04:40,023 - base_api.py:[54] - [INFO] - 接口::/api/cart/lists::响应数据为::{'status_code': 200, 'content': {'code': -1, 'msg': '会话失效，请重新登录', 'data': [], 'show': 1, 'time': '0.053973'}}
2021-07-19 18:04:40,060 - test_shopCar.py:[37] - [INFO] - ************开始执行测试用例::test_dellGoods_shopCar_02::把商品从购物车中删除************
2021-07-19 18:04:40,069 - base_api.py:[51] - [INFO] - 读取YAML文件::./yaml_api/registerlogin_page.yaml::请求的接口名称::login::传入接口参数::{'account': '15200000001', 'password': '111111.'}::接口请求参数api_datas::{'api': '/api/account/login', 'method': 'post', 'headers': None, 'params': None, 'data': None, 'json': {'account': '15200000001', 'password': '111111.', 'client': 5}}
2021-07-19 18:04:40,292 - base_api.py:[54] - [INFO] - 接口::/api/account/login::响应数据为::{'status_code': 200, 'content': {'code': 1, 'msg': '登录成功', 'data': {'id': 156, 'nickname': 'Jie', 'avatar': 'http://jc-mall1.oss-cn-shanghai.aliyuncs.com/uploads/images/2021052712154909b870403.png', 'level': 0, 'disable': 0, 'distribution_code': '7TZH6Z', 'token': 'efea4ffed3cb1c72ea11e7cf1fc3c8fa'}, 'show': 0, 'time': '0.102315'}}
2021-07-19 18:04:40,292 - base_op.py:[17] - [INFO] - get_token获取到的token为::efea4ffed3cb1c72ea11e7cf1fc3c8fa
2021-07-19 18:04:40,293 - base_api.py:[57] - [ERROR] - 读取YAML文件::efea4ffed3cb1c72ea11e7cf1fc3c8fa出错::[Errno 2] No such file or directory: 'efea4ffed3cb1c72ea11e7cf1fc3c8fa'
2021-07-19 18:04:40,298 - base_api.py:[51] - [INFO] - 读取YAML文件::./yaml_api/registerlogin_page.yaml::请求的接口名称::login::传入接口参数::{'account': '15200000001', 'password': '111111.'}::接口请求参数api_datas::{'api': '/api/account/login', 'method': 'post', 'headers': None, 'params': None, 'data': None, 'json': {'account': '15200000001', 'password': '111111.', 'client': 5}}
2021-07-19 18:04:40,496 - base_api.py:[54] - [INFO] - 接口::/api/account/login::响应数据为::{'status_code': 200, 'content': {'code': 1, 'msg': '登录成功', 'data': {'id': 156, 'nickname': 'Jie', 'avatar': 'http://jc-mall1.oss-cn-shanghai.aliyuncs.com/uploads/images/2021052712154909b870403.png', 'level': 0, 'disable': 0, 'distribution_code': '7TZH6Z', 'token': 'efea4ffed3cb1c72ea11e7cf1fc3c8fa'}, 'show': 0, 'time': '0.054609'}}
2021-07-19 18:04:40,497 - base_op.py:[17] - [INFO] - get_token获取到的token为::efea4ffed3cb1c72ea11e7cf1fc3c8fa
2021-07-19 18:04:40,527 - base_api.py:[51] - [INFO] - 读取YAML文件::./yaml_api/home_page.yaml::请求的接口名称::shopCarList::传入接口参数::{'token': None}::接口请求参数api_datas::{'api': '/api/cart/lists', 'method': 'get', 'headers': {'token': 'None'}, 'params': None, 'data': None, 'json': None}
2021-07-19 18:04:40,640 - base_api.py:[54] - [INFO] - 接口::/api/cart/lists::响应数据为::{'status_code': 200, 'content': {'code': -1, 'msg': '会话失效，请重新登录', 'data': [], 'show': 1, 'time': '0.030110'}}
2021-07-19 18:12:53,192 - base_api.py:[51] - [INFO] - 读取YAML文件::./yaml_api/registerlogin_page.yaml::请求的接口名称::login::传入接口参数::{'account': '15200000001', 'password': '111111.'}::接口请求参数api_datas::{'api': '/api/account/login', 'method': 'post', 'headers': None, 'params': None, 'data': None, 'json': {'account': '15200000001', 'password': '111111.', 'client': 5}}
2021-07-19 18:12:53,350 - base_api.py:[54] - [INFO] - 接口::/api/account/login::响应数据为::{'status_code': 200, 'content': {'code': 1, 'msg': '登录成功', 'data': {'id': 156, 'nickname': 'Jie', 'avatar': 'http://jc-mall1.oss-cn-shanghai.aliyuncs.com/uploads/images/2021052712154909b870403.png', 'level': 0, 'disable': 0, 'distribution_code': '7TZH6Z', 'token': 'ba207e140dcbb20d283c5e794ddad853'}, 'show': 0, 'time': '0.054346'}}
2021-07-19 18:12:53,706 - base_api.py:[51] - [INFO] - 读取YAML文件::./yaml_api/registerlogin_page.yaml::请求的接口名称::register::传入接口参数::{'mobile': '15200000001', 'password': '1111111'}::接口请求参数api_datas::{'api': '/api/account/register', 'method': 'post', 'headers': None, 'params': None, 'data': None, 'json': {'mobile': '15200000001', 'password': '1111111', 'code': '', 'client': 5}}
2021-07-19 18:12:53,808 - base_api.py:[54] - [INFO] - 接口::/api/account/register::响应数据为::{'status_code': 200, 'content': {'code': 0, 'msg': '此手机号已被使用', 'data': '', 'show': 1, 'time': '0.037421'}}
